<?xml version="1.0" encoding="UTF-8"?>
<coverage generated="1504278315178" clover="3.2.0">
  <project timestamp="1504278315178" name="All files">
    <metrics statements="526" coveredstatements="467" conditionals="132" coveredconditionals="111" methods="206" coveredmethods="167" elements="864" coveredelements="745" complexity="0" loc="526" ncloc="526" packages="17" files="23" classes="23">
      <package name="javascript">
        <metrics statements="87" coveredstatements="80" conditionals="18" coveredconditionals="12" methods="30" coveredmethods="27"/>
        <file name="App.js" path="/Users/mikkotiainen/Github/fysio2/fysio/app/javascript/App.js">
          <metrics statements="87" coveredstatements="80" conditionals="18" coveredconditionals="12" methods="30" coveredmethods="27"/>
          <line num="20" count="1" type="stmt"/>
          <line num="21" count="1" type="stmt"/>
          <line num="29" count="1" type="stmt"/>
          <line num="30" count="1" type="stmt"/>
          <line num="31" count="1" type="stmt"/>
          <line num="32" count="1" type="stmt"/>
          <line num="34" count="1" type="stmt"/>
          <line num="35" count="1" type="stmt"/>
          <line num="36" count="1" type="stmt"/>
          <line num="37" count="1" type="stmt"/>
          <line num="38" count="1" type="stmt"/>
          <line num="39" count="1" type="stmt"/>
          <line num="40" count="1" type="stmt"/>
          <line num="50" count="1" type="stmt"/>
          <line num="51" count="1" type="stmt"/>
          <line num="52" count="1" type="stmt"/>
          <line num="53" count="1" type="stmt"/>
          <line num="54" count="1" type="stmt"/>
          <line num="55" count="1" type="stmt"/>
          <line num="65" count="1" type="stmt"/>
          <line num="74" count="54" type="stmt"/>
          <line num="75" count="54" type="cond" truecount="1" falsecount="1"/>
          <line num="76" count="0" type="stmt"/>
          <line num="78" count="0" type="cond" truecount="0" falsecount="2"/>
          <line num="79" count="0" type="cond" truecount="0" falsecount="2"/>
          <line num="80" count="0" type="stmt"/>
          <line num="83" count="0" type="stmt"/>
          <line num="95" count="1" type="stmt"/>
          <line num="96" count="1" type="stmt"/>
          <line num="97" count="1" type="stmt"/>
          <line num="98" count="1" type="stmt"/>
          <line num="99" count="1" type="stmt"/>
          <line num="102" count="1" type="stmt"/>
          <line num="103" count="1" type="stmt"/>
          <line num="104" count="1" type="stmt"/>
          <line num="105" count="1" type="stmt"/>
          <line num="106" count="1" type="stmt"/>
          <line num="109" count="1" type="stmt"/>
          <line num="110" count="1" type="stmt"/>
          <line num="111" count="1" type="stmt"/>
          <line num="112" count="1" type="stmt"/>
          <line num="113" count="1" type="stmt"/>
          <line num="116" count="1" type="stmt"/>
          <line num="117" count="1" type="stmt"/>
          <line num="118" count="1" type="stmt"/>
          <line num="119" count="1" type="stmt"/>
          <line num="120" count="1" type="stmt"/>
          <line num="123" count="1" type="stmt"/>
          <line num="124" count="1" type="stmt"/>
          <line num="125" count="1" type="stmt"/>
          <line num="126" count="1" type="stmt"/>
          <line num="127" count="1" type="stmt"/>
          <line num="130" count="1" type="stmt"/>
          <line num="131" count="1" type="stmt"/>
          <line num="132" count="1" type="stmt"/>
          <line num="133" count="1" type="stmt"/>
          <line num="134" count="1" type="stmt"/>
          <line num="141" count="0" type="stmt"/>
          <line num="147" count="0" type="stmt"/>
          <line num="153" count="1" type="stmt"/>
          <line num="154" count="1" type="stmt"/>
          <line num="155" count="1" type="stmt"/>
          <line num="164" count="1" type="stmt"/>
          <line num="165" count="1" type="stmt"/>
          <line num="166" count="1" type="stmt"/>
          <line num="174" count="1" type="stmt"/>
          <line num="182" count="1" type="stmt"/>
          <line num="190" count="1" type="stmt"/>
          <line num="198" count="1" type="stmt"/>
          <line num="199" count="1" type="stmt"/>
          <line num="208" count="2" type="stmt"/>
          <line num="209" count="2" type="stmt"/>
          <line num="219" count="54" type="stmt"/>
          <line num="221" count="54" type="cond" truecount="6" falsecount="0"/>
          <line num="222" count="11" type="stmt"/>
          <line num="236" count="43" type="stmt"/>
          <line num="252" count="43" type="stmt"/>
          <line num="262" count="43" type="stmt"/>
          <line num="289" count="43" type="stmt"/>
          <line num="294" count="43" type="stmt"/>
          <line num="296" count="43" type="cond" truecount="2" falsecount="0"/>
          <line num="297" count="39" type="stmt"/>
          <line num="299" count="4" type="cond" truecount="2" falsecount="0"/>
          <line num="300" count="2" type="stmt"/>
          <line num="302" count="2" type="cond" truecount="1" falsecount="1"/>
          <line num="303" count="2" type="stmt"/>
          <line num="306" count="43" type="stmt"/>
        </file>
      </package>
      <package name="javascript.Components.Fysio">
        <metrics statements="38" coveredstatements="37" conditionals="24" coveredconditionals="23" methods="9" coveredmethods="9"/>
        <file name="Fysio.js" path="/Users/mikkotiainen/Github/fysio2/fysio/app/javascript/Components/Fysio/Fysio.js">
          <metrics statements="38" coveredstatements="37" conditionals="24" coveredconditionals="23" methods="9" coveredmethods="9"/>
          <line num="21" count="12" type="stmt"/>
          <line num="23" count="12" type="stmt"/>
          <line num="28" count="12" type="stmt"/>
          <line num="29" count="12" type="stmt"/>
          <line num="38" count="1" type="stmt"/>
          <line num="42" count="8" type="stmt"/>
          <line num="43" count="8" type="cond" truecount="4" falsecount="0"/>
          <line num="44" count="1" type="stmt"/>
          <line num="47" count="7" type="cond" truecount="2" falsecount="0"/>
          <line num="48" count="1" type="stmt"/>
          <line num="50" count="7" type="stmt"/>
          <line num="59" count="20" type="stmt"/>
          <line num="60" count="20" type="stmt"/>
          <line num="61" count="20" type="stmt"/>
          <line num="63" count="20" type="cond" truecount="2" falsecount="0"/>
          <line num="64" count="17" type="stmt"/>
          <line num="65" count="17" type="stmt"/>
          <line num="66" count="17" type="stmt"/>
          <line num="79" count="20" type="stmt"/>
          <line num="90" count="20" type="stmt"/>
          <line num="92" count="1" type="stmt"/>
          <line num="93" count="2" type="stmt"/>
          <line num="95" count="1" type="stmt"/>
          <line num="96" count="1" type="stmt"/>
          <line num="99" count="20" type="cond" truecount="2" falsecount="0"/>
          <line num="100" count="17" type="stmt"/>
          <line num="102" count="3" type="stmt"/>
          <line num="107" count="20" type="cond" truecount="4" falsecount="0"/>
          <line num="108" count="3" type="stmt"/>
          <line num="110" count="17" type="stmt"/>
          <line num="111" count="17" type="stmt"/>
          <line num="113" count="17" type="cond" truecount="5" falsecount="1"/>
          <line num="114" count="0" type="stmt"/>
          <line num="116" count="17" type="stmt"/>
          <line num="119" count="120" type="cond" truecount="4" falsecount="0"/>
          <line num="120" count="103" type="stmt"/>
          <line num="121" count="103" type="stmt"/>
          <line num="134" count="17" type="stmt"/>
        </file>
      </package>
      <package name="javascript.Components.Fysio.Publication">
        <metrics statements="4" coveredstatements="4" conditionals="0" coveredconditionals="0" methods="3" coveredmethods="3"/>
        <file name="Publication.js" path="/Users/mikkotiainen/Github/fysio2/fysio/app/javascript/Components/Fysio/Publication/Publication.js">
          <metrics statements="4" coveredstatements="4" conditionals="0" coveredconditionals="0" methods="3" coveredmethods="3"/>
          <line num="18" count="1" type="stmt"/>
          <line num="35" count="1" type="stmt"/>
          <line num="39" count="5" type="stmt"/>
          <line num="54" count="3" type="stmt"/>
        </file>
      </package>
      <package name="javascript.Components.Fysio.Publication.PublicationLayerCategoryList">
        <metrics statements="5" coveredstatements="5" conditionals="0" coveredconditionals="0" methods="3" coveredmethods="3"/>
        <file name="PublicationLayerCategoryList.js" path="/Users/mikkotiainen/Github/fysio2/fysio/app/javascript/Components/Fysio/Publication/PublicationLayerCategoryList/PublicationLayerCategoryList.js">
          <metrics statements="5" coveredstatements="5" conditionals="0" coveredconditionals="0" methods="3" coveredmethods="3"/>
          <line num="17" count="4" type="stmt"/>
          <line num="26" count="4" type="stmt"/>
          <line num="28" count="4" type="stmt"/>
          <line num="32" count="3" type="stmt"/>
          <line num="49" count="4" type="stmt"/>
        </file>
      </package>
      <package name="javascript.Components.Fysio.Publication.PublicationLayerCategoryList.CategoryButton">
        <metrics statements="14" coveredstatements="12" conditionals="4" coveredconditionals="4" methods="4" coveredmethods="2"/>
        <file name="CategoryButton.js" path="/Users/mikkotiainen/Github/fysio2/fysio/app/javascript/Components/Fysio/Publication/PublicationLayerCategoryList/CategoryButton/CategoryButton.js">
          <metrics statements="14" coveredstatements="12" conditionals="4" coveredconditionals="4" methods="4" coveredmethods="2"/>
          <line num="19" count="6" type="stmt"/>
          <line num="21" count="6" type="stmt"/>
          <line num="22" count="6" type="stmt"/>
          <line num="25" count="6" type="stmt"/>
          <line num="33" count="0" type="stmt"/>
          <line num="43" count="0" type="stmt"/>
          <line num="53" count="8" type="cond" truecount="2" falsecount="0"/>
          <line num="54" count="1" type="stmt"/>
          <line num="56" count="7" type="stmt"/>
          <line num="58" count="8" type="cond" truecount="2" falsecount="0"/>
          <line num="59" count="7" type="stmt"/>
          <line num="61" count="1" type="stmt"/>
          <line num="63" count="8" type="stmt"/>
          <line num="80" count="5" type="stmt"/>
        </file>
      </package>
      <package name="javascript.Components.Fysio.Publication.PublicationTitle">
        <metrics statements="20" coveredstatements="15" conditionals="8" coveredconditionals="5" methods="8" coveredmethods="7"/>
        <file name="PublicationTitle.js" path="/Users/mikkotiainen/Github/fysio2/fysio/app/javascript/Components/Fysio/Publication/PublicationTitle/PublicationTitle.js">
          <metrics statements="20" coveredstatements="15" conditionals="8" coveredconditionals="5" methods="8" coveredmethods="7"/>
          <line num="18" count="6" type="stmt"/>
          <line num="19" count="6" type="stmt"/>
          <line num="20" count="6" type="stmt"/>
          <line num="33" count="1" type="stmt"/>
          <line num="34" count="1" type="stmt"/>
          <line num="37" count="1" type="stmt"/>
          <line num="40" count="1" type="stmt"/>
          <line num="51" count="9" type="stmt"/>
          <line num="52" count="9" type="stmt"/>
          <line num="53" count="9" type="stmt"/>
          <line num="54" count="9" type="cond" truecount="3" falsecount="1"/>
          <line num="55" count="0" type="stmt"/>
          <line num="56" count="0" type="stmt"/>
          <line num="59" count="0" type="cond" truecount="0" falsecount="2"/>
          <line num="60" count="0" type="stmt"/>
          <line num="62" count="0" type="stmt"/>
          <line num="69" count="9" type="stmt"/>
          <line num="76" count="1" type="stmt"/>
          <line num="78" count="12" type="stmt"/>
          <line num="102" count="4" type="stmt"/>
        </file>
      </package>
      <package name="javascript.Components.Fysio.Publication.PublicationTitle.PublicationInfoTable">
        <metrics statements="5" coveredstatements="5" conditionals="0" coveredconditionals="0" methods="4" coveredmethods="4"/>
        <file name="PublicationInfoTable.js" path="/Users/mikkotiainen/Github/fysio2/fysio/app/javascript/Components/Fysio/Publication/PublicationTitle/PublicationInfoTable/PublicationInfoTable.js">
          <metrics statements="5" coveredstatements="5" conditionals="0" coveredconditionals="0" methods="4" coveredmethods="4"/>
          <line num="17" count="2" type="stmt"/>
          <line num="26" count="4" type="stmt"/>
          <line num="31" count="20" type="stmt"/>
          <line num="40" count="20" type="stmt"/>
          <line num="56" count="5" type="stmt"/>
        </file>
      </package>
      <package name="javascript.Components.Fysio.Publication.PublicationTitle.PublicationInfoTable.PublicationCategoryList">
        <metrics statements="5" coveredstatements="5" conditionals="0" coveredconditionals="0" methods="3" coveredmethods="3"/>
        <file name="PublicationCategoryList.js" path="/Users/mikkotiainen/Github/fysio2/fysio/app/javascript/Components/Fysio/Publication/PublicationTitle/PublicationInfoTable/PublicationCategoryList/PublicationCategoryList.js">
          <metrics statements="5" coveredstatements="5" conditionals="0" coveredconditionals="0" methods="3" coveredmethods="3"/>
          <line num="16" count="11" type="stmt"/>
          <line num="25" count="21" type="stmt"/>
          <line num="26" count="21" type="stmt"/>
          <line num="29" count="15" type="stmt"/>
          <line num="38" count="6" type="stmt"/>
        </file>
      </package>
      <package name="javascript.Components.Fysio.TableHeader">
        <metrics statements="11" coveredstatements="9" conditionals="6" coveredconditionals="5" methods="4" coveredmethods="3"/>
        <file name="TableHeader.js" path="/Users/mikkotiainen/Github/fysio2/fysio/app/javascript/Components/Fysio/TableHeader/TableHeader.js">
          <metrics statements="11" coveredstatements="9" conditionals="6" coveredconditionals="5" methods="4" coveredmethods="3"/>
          <line num="19" count="1" type="stmt"/>
          <line num="20" count="1" type="stmt"/>
          <line num="24" count="0" type="stmt"/>
          <line num="32" count="1" type="stmt"/>
          <line num="33" count="1" type="stmt"/>
          <line num="37" count="1" type="stmt"/>
          <line num="43" count="1" type="cond" truecount="5" falsecount="1"/>
          <line num="44" count="0" type="stmt"/>
          <line num="48" count="1" type="stmt"/>
          <line num="53" count="5" type="stmt"/>
          <line num="67" count="3" type="stmt"/>
        </file>
      </package>
      <package name="javascript.Components.Fysio.TableHeader.Layer">
        <metrics statements="7" coveredstatements="7" conditionals="0" coveredconditionals="0" methods="3" coveredmethods="3"/>
        <file name="Layer.js" path="/Users/mikkotiainen/Github/fysio2/fysio/app/javascript/Components/Fysio/TableHeader/Layer/Layer.js">
          <metrics statements="7" coveredstatements="7" conditionals="0" coveredconditionals="0" methods="3" coveredmethods="3"/>
          <line num="21" count="17" type="stmt"/>
          <line num="22" count="17" type="stmt"/>
          <line num="23" count="17" type="stmt"/>
          <line num="33" count="1" type="stmt"/>
          <line num="44" count="18" type="stmt"/>
          <line num="48" count="18" type="stmt"/>
          <line num="68" count="4" type="stmt"/>
        </file>
      </package>
      <package name="javascript.Components.Fysio.TableHeader.Layer.CategoryList">
        <metrics statements="6" coveredstatements="5" conditionals="4" coveredconditionals="3" methods="3" coveredmethods="3"/>
        <file name="CategoryList.js" path="/Users/mikkotiainen/Github/fysio2/fysio/app/javascript/Components/Fysio/TableHeader/Layer/CategoryList/CategoryList.js">
          <metrics statements="6" coveredstatements="5" conditionals="4" coveredconditionals="3" methods="3" coveredmethods="3"/>
          <line num="20" count="19" type="stmt"/>
          <line num="29" count="20" type="cond" truecount="3" falsecount="1"/>
          <line num="30" count="0" type="stmt"/>
          <line num="32" count="20" type="stmt"/>
          <line num="35" count="106" type="stmt"/>
          <line num="48" count="5" type="stmt"/>
        </file>
      </package>
      <package name="javascript.Components.Fysio.TableHeader.Layer.CategoryList.Category">
        <metrics statements="6" coveredstatements="5" conditionals="2" coveredconditionals="1" methods="3" coveredmethods="2"/>
        <file name="Category.js" path="/Users/mikkotiainen/Github/fysio2/fysio/app/javascript/Components/Fysio/TableHeader/Layer/CategoryList/Category/Category.js">
          <metrics statements="6" coveredstatements="5" conditionals="2" coveredconditionals="1" methods="3" coveredmethods="2"/>
          <line num="17" count="102" type="stmt"/>
          <line num="18" count="102" type="stmt"/>
          <line num="26" count="0" type="stmt"/>
          <line num="35" count="107" type="stmt"/>
          <line num="37" count="107" type="stmt"/>
          <line num="46" count="6" type="stmt"/>
        </file>
      </package>
      <package name="javascript.Components.Helpers">
        <metrics statements="47" coveredstatements="42" conditionals="4" coveredconditionals="4" methods="15" coveredmethods="12"/>
        <file name="Tests.js" path="/Users/mikkotiainen/Github/fysio2/fysio/app/javascript/Components/Helpers/Tests.js">
          <metrics statements="47" coveredstatements="42" conditionals="4" coveredconditionals="4" methods="15" coveredmethods="12"/>
          <line num="10" count="6" type="stmt"/>
          <line num="11" count="6" type="stmt"/>
          <line num="15" count="54" type="cond" truecount="2" falsecount="0"/>
          <line num="16" count="43" type="stmt"/>
          <line num="20" count="54" type="stmt"/>
          <line num="24" count="52" type="cond" truecount="2" falsecount="0"/>
          <line num="25" count="33" type="stmt"/>
          <line num="29" count="52" type="stmt"/>
          <line num="33" count="113" type="stmt"/>
          <line num="34" count="113" type="stmt"/>
          <line num="71" count="113" type="stmt"/>
          <line num="140" count="113" type="stmt"/>
          <line num="512" count="113" type="stmt"/>
          <line num="577" count="113" type="stmt"/>
          <line num="587" count="113" type="stmt"/>
          <line num="600" count="113" type="stmt"/>
          <line num="604" count="2" type="stmt"/>
          <line num="605" count="2" type="stmt"/>
          <line num="606" count="2" type="stmt"/>
          <line num="610" count="12" type="stmt"/>
          <line num="611" count="12" type="stmt"/>
          <line num="612" count="12" type="stmt"/>
          <line num="616" count="1" type="stmt"/>
          <line num="617" count="1" type="stmt"/>
          <line num="618" count="1" type="stmt"/>
          <line num="619" count="1" type="stmt"/>
          <line num="620" count="1" type="stmt"/>
          <line num="624" count="1" type="stmt"/>
          <line num="625" count="1" type="stmt"/>
          <line num="626" count="1" type="stmt"/>
          <line num="630" count="1" type="stmt"/>
          <line num="631" count="1" type="stmt"/>
          <line num="632" count="1" type="stmt"/>
          <line num="633" count="1" type="stmt"/>
          <line num="637" count="1" type="stmt"/>
          <line num="638" count="1" type="stmt"/>
          <line num="642" count="3" type="stmt"/>
          <line num="643" count="3" type="stmt"/>
          <line num="644" count="3" type="stmt"/>
          <line num="645" count="3" type="stmt"/>
          <line num="649" count="0" type="stmt"/>
          <line num="650" count="0" type="stmt"/>
          <line num="651" count="0" type="stmt"/>
          <line num="655" count="1" type="stmt"/>
          <line num="656" count="1" type="stmt"/>
          <line num="660" count="0" type="stmt"/>
          <line num="661" count="0" type="stmt"/>
        </file>
      </package>
      <package name="javascript.Components.NavBar">
        <metrics statements="145" coveredstatements="138" conditionals="24" coveredconditionals="20" methods="49" coveredmethods="44"/>
        <file name="AuthorCheckbox.js" path="/Users/mikkotiainen/Github/fysio2/fysio/app/javascript/Components/NavBar/AuthorCheckbox.js">
          <metrics statements="4" coveredstatements="3" conditionals="0" coveredconditionals="0" methods="3" coveredmethods="2"/>
          <line num="9" count="2" type="stmt"/>
          <line num="10" count="2" type="stmt"/>
          <line num="14" count="0" type="stmt"/>
          <line num="18" count="2" type="stmt"/>
        </file>
        <file name="CategoryCheckbox.js" path="/Users/mikkotiainen/Github/fysio2/fysio/app/javascript/Components/NavBar/CategoryCheckbox.js">
          <metrics statements="4" coveredstatements="3" conditionals="0" coveredconditionals="0" methods="3" coveredmethods="2"/>
          <line num="7" count="74" type="stmt"/>
          <line num="8" count="74" type="stmt"/>
          <line num="12" count="0" type="stmt"/>
          <line num="16" count="74" type="stmt"/>
        </file>
        <file name="CategoryForm.js" path="/Users/mikkotiainen/Github/fysio2/fysio/app/javascript/Components/NavBar/CategoryForm.js">
          <metrics statements="17" coveredstatements="17" conditionals="0" coveredconditionals="0" methods="8" coveredmethods="8"/>
          <line num="11" count="31" type="stmt"/>
          <line num="13" count="31" type="stmt"/>
          <line num="20" count="31" type="stmt"/>
          <line num="21" count="31" type="stmt"/>
          <line num="22" count="31" type="stmt"/>
          <line num="23" count="31" type="stmt"/>
          <line num="24" count="31" type="stmt"/>
          <line num="25" count="31" type="stmt"/>
          <line num="29" count="1" type="stmt"/>
          <line num="33" count="3" type="stmt"/>
          <line num="43" count="1" type="stmt"/>
          <line num="50" count="1" type="stmt"/>
          <line num="52" count="1" type="stmt"/>
          <line num="56" count="1" type="stmt"/>
          <line num="62" count="1" type="stmt"/>
          <line num="68" count="1" type="stmt"/>
          <line num="74" count="40" type="stmt"/>
        </file>
        <file name="LinkCheckbox.js" path="/Users/mikkotiainen/Github/fysio2/fysio/app/javascript/Components/NavBar/LinkCheckbox.js">
          <metrics statements="4" coveredstatements="3" conditionals="0" coveredconditionals="0" methods="3" coveredmethods="2"/>
          <line num="9" count="2" type="stmt"/>
          <line num="10" count="2" type="stmt"/>
          <line num="14" count="0" type="stmt"/>
          <line num="18" count="2" type="stmt"/>
        </file>
        <file name="NavBar.js" path="/Users/mikkotiainen/Github/fysio2/fysio/app/javascript/Components/NavBar/NavBar.js">
          <metrics statements="22" coveredstatements="18" conditionals="8" coveredconditionals="6" methods="6" coveredmethods="4"/>
          <line num="21" count="2" type="stmt"/>
          <line num="23" count="2" type="stmt"/>
          <line num="25" count="2" type="stmt"/>
          <line num="26" count="2" type="stmt"/>
          <line num="36" count="2" type="cond" truecount="2" falsecount="0"/>
          <line num="37" count="1" type="stmt"/>
          <line num="49" count="0" type="stmt"/>
          <line num="50" count="0" type="stmt"/>
          <line num="60" count="0" type="stmt"/>
          <line num="71" count="3" type="stmt"/>
          <line num="74" count="3" type="stmt"/>
          <line num="84" count="3" type="stmt"/>
          <line num="88" count="3" type="stmt"/>
          <line num="90" count="3" type="cond" truecount="3" falsecount="1"/>
          <line num="91" count="3" type="stmt"/>
          <line num="92" count="3" type="stmt"/>
          <line num="99" count="3" type="cond" truecount="1" falsecount="1"/>
          <line num="100" count="0" type="stmt"/>
          <line num="104" count="3" type="stmt"/>
          <line num="118" count="4" type="stmt"/>
          <line num="129" count="3" type="stmt"/>
          <line num="133" count="2" type="stmt"/>
        </file>
        <file name="PublicationForm.js" path="/Users/mikkotiainen/Github/fysio2/fysio/app/javascript/Components/NavBar/PublicationForm.js">
          <metrics statements="94" coveredstatements="94" conditionals="16" coveredconditionals="14" methods="26" coveredmethods="26"/>
          <line num="15" count="26" type="stmt"/>
          <line num="17" count="26" type="stmt"/>
          <line num="18" count="26" type="stmt"/>
          <line num="19" count="26" type="stmt"/>
          <line num="20" count="26" type="stmt"/>
          <line num="21" count="26" type="stmt"/>
          <line num="22" count="26" type="stmt"/>
          <line num="23" count="26" type="stmt"/>
          <line num="24" count="26" type="stmt"/>
          <line num="25" count="26" type="stmt"/>
          <line num="26" count="26" type="stmt"/>
          <line num="27" count="26" type="stmt"/>
          <line num="28" count="26" type="stmt"/>
          <line num="29" count="26" type="stmt"/>
          <line num="30" count="26" type="stmt"/>
          <line num="31" count="26" type="stmt"/>
          <line num="32" count="26" type="stmt"/>
          <line num="33" count="26" type="stmt"/>
          <line num="35" count="26" type="stmt"/>
          <line num="55" count="1" type="stmt"/>
          <line num="61" count="1" type="stmt"/>
          <line num="71" count="1" type="stmt"/>
          <line num="73" count="1" type="stmt"/>
          <line num="77" count="3" type="stmt"/>
          <line num="97" count="1" type="stmt"/>
          <line num="103" count="1" type="stmt"/>
          <line num="109" count="3" type="stmt"/>
          <line num="110" count="3" type="stmt"/>
          <line num="111" count="3" type="cond" truecount="3" falsecount="1"/>
          <line num="112" count="3" type="stmt"/>
          <line num="113" count="3" type="stmt"/>
          <line num="123" count="2" type="stmt"/>
          <line num="124" count="2" type="stmt"/>
          <line num="125" count="2" type="stmt"/>
          <line num="126" count="2" type="stmt"/>
          <line num="128" count="2" type="cond" truecount="2" falsecount="0"/>
          <line num="129" count="1" type="stmt"/>
          <line num="135" count="1" type="stmt"/>
          <line num="144" count="3" type="stmt"/>
          <line num="145" count="3" type="stmt"/>
          <line num="150" count="3" type="cond" truecount="1" falsecount="1"/>
          <line num="151" count="3" type="stmt"/>
          <line num="152" count="3" type="stmt"/>
          <line num="162" count="2" type="stmt"/>
          <line num="163" count="2" type="stmt"/>
          <line num="164" count="2" type="stmt"/>
          <line num="165" count="2" type="stmt"/>
          <line num="167" count="2" type="cond" truecount="2" falsecount="0"/>
          <line num="168" count="1" type="stmt"/>
          <line num="174" count="1" type="stmt"/>
          <line num="182" count="1" type="stmt"/>
          <line num="188" count="1" type="stmt"/>
          <line num="194" count="1" type="stmt"/>
          <line num="200" count="3" type="stmt"/>
          <line num="202" count="3" type="stmt"/>
          <line num="204" count="3" type="cond" truecount="2" falsecount="0"/>
          <line num="205" count="1" type="stmt"/>
          <line num="207" count="2" type="stmt"/>
          <line num="210" count="3" type="stmt"/>
          <line num="216" count="1" type="stmt"/>
          <line num="222" count="1" type="stmt"/>
          <line num="229" count="3" type="stmt"/>
          <line num="231" count="3" type="stmt"/>
          <line num="233" count="3" type="cond" truecount="2" falsecount="0"/>
          <line num="234" count="1" type="stmt"/>
          <line num="236" count="2" type="stmt"/>
          <line num="239" count="3" type="stmt"/>
          <line num="245" count="3" type="stmt"/>
          <line num="247" count="3" type="stmt"/>
          <line num="249" count="3" type="cond" truecount="2" falsecount="0"/>
          <line num="250" count="1" type="stmt"/>
          <line num="252" count="2" type="stmt"/>
          <line num="254" count="3" type="stmt"/>
          <line num="255" count="3" type="stmt"/>
          <line num="263" count="68" type="stmt"/>
          <line num="272" count="68" type="stmt"/>
          <line num="278" count="544" type="stmt"/>
          <line num="285" count="68" type="stmt"/>
          <line num="288" count="68" type="stmt"/>
          <line num="290" count="12" type="stmt"/>
          <line num="300" count="68" type="stmt"/>
          <line num="306" count="68" type="stmt"/>
          <line num="315" count="68" type="stmt"/>
          <line num="324" count="68" type="stmt"/>
          <line num="333" count="68" type="stmt"/>
          <line num="346" count="68" type="stmt"/>
          <line num="349" count="68" type="stmt"/>
          <line num="357" count="68" type="stmt"/>
          <line num="359" count="12" type="stmt"/>
          <line num="369" count="68" type="stmt"/>
          <line num="371" count="748" type="stmt"/>
          <line num="377" count="2516" type="stmt"/>
          <line num="389" count="68" type="stmt"/>
          <line num="391" count="68" type="stmt"/>
        </file>
      </package>
      <package name="javascript.Components.NavBar.LayerLink">
        <metrics statements="5" coveredstatements="4" conditionals="0" coveredconditionals="0" methods="3" coveredmethods="2"/>
        <file name="LayerLink.js" path="/Users/mikkotiainen/Github/fysio2/fysio/app/javascript/Components/NavBar/LayerLink/LayerLink.js">
          <metrics statements="5" coveredstatements="4" conditionals="0" coveredconditionals="0" methods="3" coveredmethods="2"/>
          <line num="16" count="2" type="stmt"/>
          <line num="17" count="2" type="stmt"/>
          <line num="25" count="0" type="stmt"/>
          <line num="34" count="4" type="stmt"/>
          <line num="35" count="4" type="stmt"/>
        </file>
      </package>
      <package name="javascript.Components.Tabs">
        <metrics statements="17" coveredstatements="17" conditionals="2" coveredconditionals="2" methods="7" coveredmethods="7"/>
        <file name="Login.js" path="/Users/mikkotiainen/Github/fysio2/fysio/app/javascript/Components/Tabs/Login.js">
          <metrics statements="17" coveredstatements="17" conditionals="2" coveredconditionals="2" methods="7" coveredmethods="7"/>
          <line num="21" count="19" type="stmt"/>
          <line num="23" count="19" type="stmt"/>
          <line num="28" count="19" type="stmt"/>
          <line num="29" count="19" type="stmt"/>
          <line num="30" count="19" type="stmt"/>
          <line num="45" count="1" type="stmt"/>
          <line num="53" count="1" type="stmt"/>
          <line num="64" count="2" type="stmt"/>
          <line num="65" count="2" type="stmt"/>
          <line num="67" count="2" type="cond" truecount="2" falsecount="0"/>
          <line num="69" count="1" type="stmt"/>
          <line num="70" count="1" type="stmt"/>
          <line num="73" count="1" type="stmt"/>
          <line num="74" count="1" type="stmt"/>
          <line num="75" count="1" type="stmt"/>
          <line num="85" count="27" type="stmt"/>
          <line num="107" count="2" type="stmt"/>
        </file>
      </package>
      <package name="javascript.Services">
        <metrics statements="104" coveredstatements="77" conditionals="36" coveredconditionals="32" methods="55" coveredmethods="33"/>
        <file name="Data.js" path="/Users/mikkotiainen/Github/fysio2/fysio/app/javascript/Services/Data.js">
          <metrics statements="77" coveredstatements="77" conditionals="34" coveredconditionals="32" methods="33" coveredmethods="33"/>
          <line num="12" count="101" type="stmt"/>
          <line num="13" count="101" type="stmt"/>
          <line num="14" count="101" type="stmt"/>
          <line num="15" count="101" type="stmt"/>
          <line num="16" count="101" type="stmt"/>
          <line num="17" count="101" type="stmt"/>
          <line num="18" count="101" type="stmt"/>
          <line num="27" count="117" type="cond" truecount="2" falsecount="0"/>
          <line num="28" count="115" type="stmt"/>
          <line num="38" count="116" type="cond" truecount="2" falsecount="0"/>
          <line num="39" count="115" type="stmt"/>
          <line num="49" count="116" type="cond" truecount="2" falsecount="0"/>
          <line num="50" count="115" type="stmt"/>
          <line num="51" count="115" type="stmt"/>
          <line num="52" count="4187" type="stmt"/>
          <line num="53" count="4187" type="stmt"/>
          <line num="54" count="4187" type="stmt"/>
          <line num="56" count="115" type="stmt"/>
          <line num="66" count="116" type="cond" truecount="2" falsecount="0"/>
          <line num="67" count="115" type="stmt"/>
          <line num="77" count="114" type="stmt"/>
          <line num="86" count="114" type="stmt"/>
          <line num="95" count="68" type="stmt"/>
          <line num="104" count="80" type="stmt"/>
          <line num="113" count="105" type="stmt"/>
          <line num="117" count="93" type="stmt"/>
          <line num="126" count="114" type="stmt"/>
          <line num="130" count="4033" type="stmt"/>
          <line num="134" count="777" type="stmt"/>
          <line num="143" count="111" type="stmt"/>
          <line num="152" count="37" type="stmt"/>
          <line num="161" count="69" type="stmt"/>
          <line num="162" count="69" type="cond" truecount="2" falsecount="0"/>
          <line num="163" count="68" type="stmt"/>
          <line num="165" count="8" type="stmt"/>
          <line num="167" count="69" type="stmt"/>
          <line num="177" count="10" type="stmt"/>
          <line num="178" count="10" type="stmt"/>
          <line num="179" count="370" type="cond" truecount="2" falsecount="0"/>
          <line num="180" count="10" type="stmt"/>
          <line num="181" count="20" type="cond" truecount="4" falsecount="0"/>
          <line num="185" count="10" type="stmt"/>
          <line num="189" count="112" type="stmt"/>
          <line num="196" count="74" type="stmt"/>
          <line num="197" count="2" type="stmt"/>
          <line num="206" count="7" type="stmt"/>
          <line num="207" count="7" type="stmt"/>
          <line num="208" count="259" type="cond" truecount="2" falsecount="0"/>
          <line num="209" count="6" type="stmt"/>
          <line num="211" count="259" type="cond" truecount="2" falsecount="0"/>
          <line num="213" count="7" type="stmt"/>
          <line num="217" count="28" type="stmt"/>
          <line num="218" count="28" type="cond" truecount="2" falsecount="0"/>
          <line num="219" count="27" type="stmt"/>
          <line num="220" count="999" type="stmt"/>
          <line num="221" count="999" type="cond" truecount="2" falsecount="0"/>
          <line num="222" count="159" type="stmt"/>
          <line num="223" count="212" type="cond" truecount="2" falsecount="0"/>
          <line num="224" count="21" type="stmt"/>
          <line num="230" count="28" type="stmt"/>
          <line num="234" count="816" type="stmt"/>
          <line num="235" count="816" type="stmt"/>
          <line num="236" count="816" type="stmt"/>
          <line num="237" count="816" type="stmt"/>
          <line num="239" count="816" type="cond" truecount="3" falsecount="1"/>
          <line num="243" count="816" type="stmt"/>
          <line num="244" count="8976" type="stmt"/>
          <line num="245" count="8976" type="stmt"/>
          <line num="248" count="816" type="stmt"/>
          <line num="249" count="30192" type="cond" truecount="1" falsecount="1"/>
          <line num="250" count="30192" type="stmt"/>
          <line num="255" count="816" type="stmt"/>
          <line num="256" count="8976" type="stmt"/>
          <line num="257" count="53856" type="cond" truecount="2" falsecount="0"/>
          <line num="258" count="8976" type="stmt"/>
          <line num="259" count="8976" type="stmt"/>
          <line num="267" count="816" type="stmt"/>
        </file>
        <file name="DatabaseConnector.js" path="/Users/mikkotiainen/Github/fysio2/fysio/app/javascript/Services/DatabaseConnector.js">
          <metrics statements="27" coveredstatements="0" conditionals="2" coveredconditionals="0" methods="22" coveredmethods="0"/>
          <line num="13" count="0" type="stmt"/>
          <line num="14" count="0" type="stmt"/>
          <line num="16" count="0" type="stmt"/>
          <line num="25" count="0" type="stmt"/>
          <line num="26" count="0" type="stmt"/>
          <line num="28" count="0" type="stmt"/>
          <line num="36" count="0" type="stmt"/>
          <line num="37" count="0" type="stmt"/>
          <line num="39" count="0" type="stmt"/>
          <line num="48" count="0" type="stmt"/>
          <line num="49" count="0" type="stmt"/>
          <line num="51" count="0" type="stmt"/>
          <line num="58" count="0" type="stmt"/>
          <line num="60" count="0" type="stmt"/>
          <line num="80" count="0" type="stmt"/>
          <line num="86" count="0" type="stmt"/>
          <line num="88" count="0" type="stmt"/>
          <line num="108" count="0" type="stmt"/>
          <line num="114" count="0" type="stmt"/>
          <line num="116" count="0" type="stmt"/>
          <line num="136" count="0" type="stmt"/>
          <line num="147" count="0" type="stmt"/>
          <line num="160" count="0" type="stmt"/>
          <line num="170" count="0" type="stmt"/>
          <line num="178" count="0" type="cond" truecount="0" falsecount="2"/>
          <line num="179" count="0" type="stmt"/>
          <line num="181" count="0" type="stmt"/>
        </file>
      </package>
    </metrics>
  </project>
</coverage>
