{"/Users/mikkotiainen/Github/fysio2/fysio/app/javascript/App.js": {"path":"/Users/mikkotiainen/Github/fysio2/fysio/app/javascript/App.js","statementMap":{"0":{"start":{"line":20,"column":8},"end":{"line":20,"column":16}},"1":{"start":{"line":21,"column":8},"end":{"line":27,"column":10}},"2":{"start":{"line":29,"column":8},"end":{"line":29,"column":63}},"3":{"start":{"line":30,"column":8},"end":{"line":30,"column":55}},"4":{"start":{"line":31,"column":8},"end":{"line":31,"column":61}},"5":{"start":{"line":32,"column":8},"end":{"line":32,"column":49}},"6":{"start":{"line":34,"column":8},"end":{"line":34,"column":49}},"7":{"start":{"line":35,"column":8},"end":{"line":35,"column":47}},"8":{"start":{"line":36,"column":8},"end":{"line":36,"column":47}},"9":{"start":{"line":37,"column":8},"end":{"line":37,"column":49}},"10":{"start":{"line":38,"column":8},"end":{"line":38,"column":47}},"11":{"start":{"line":39,"column":8},"end":{"line":39,"column":55}},"12":{"start":{"line":40,"column":8},"end":{"line":40,"column":51}},"13":{"start":{"line":50,"column":8},"end":{"line":50,"column":27}},"14":{"start":{"line":51,"column":8},"end":{"line":57,"column":11}},"15":{"start":{"line":52,"column":12},"end":{"line":56,"column":14}},"16":{"start":{"line":53,"column":27},"end":{"line":53,"column":42}},"17":{"start":{"line":54,"column":16},"end":{"line":54,"column":40}},"18":{"start":{"line":55,"column":16},"end":{"line":55,"column":28}},"19":{"start":{"line":65,"column":8},"end":{"line":65,"column":24}},"20":{"start":{"line":74,"column":20},"end":{"line":74,"column":45}},"21":{"start":{"line":75,"column":8},"end":{"line":86,"column":9}},"22":{"start":{"line":76,"column":12},"end":{"line":85,"column":15}},"23":{"start":{"line":78,"column":16},"end":{"line":84,"column":17}},"24":{"start":{"line":79,"column":20},"end":{"line":81,"column":21}},"25":{"start":{"line":80,"column":24},"end":{"line":80,"column":61}},"26":{"start":{"line":83,"column":20},"end":{"line":83,"column":64}},"27":{"start":{"line":95,"column":8},"end":{"line":101,"column":11}},"28":{"start":{"line":96,"column":12},"end":{"line":100,"column":15}},"29":{"start":{"line":97,"column":27},"end":{"line":97,"column":42}},"30":{"start":{"line":98,"column":16},"end":{"line":98,"column":46}},"31":{"start":{"line":99,"column":16},"end":{"line":99,"column":28}},"32":{"start":{"line":102,"column":8},"end":{"line":108,"column":11}},"33":{"start":{"line":103,"column":12},"end":{"line":107,"column":15}},"34":{"start":{"line":104,"column":27},"end":{"line":104,"column":42}},"35":{"start":{"line":105,"column":16},"end":{"line":105,"column":51}},"36":{"start":{"line":106,"column":16},"end":{"line":106,"column":28}},"37":{"start":{"line":109,"column":8},"end":{"line":115,"column":11}},"38":{"start":{"line":110,"column":12},"end":{"line":114,"column":15}},"39":{"start":{"line":111,"column":27},"end":{"line":111,"column":42}},"40":{"start":{"line":112,"column":16},"end":{"line":112,"column":47}},"41":{"start":{"line":113,"column":16},"end":{"line":113,"column":28}},"42":{"start":{"line":116,"column":8},"end":{"line":122,"column":11}},"43":{"start":{"line":117,"column":12},"end":{"line":121,"column":15}},"44":{"start":{"line":118,"column":27},"end":{"line":118,"column":42}},"45":{"start":{"line":119,"column":16},"end":{"line":119,"column":47}},"46":{"start":{"line":120,"column":16},"end":{"line":120,"column":28}},"47":{"start":{"line":123,"column":8},"end":{"line":129,"column":11}},"48":{"start":{"line":124,"column":12},"end":{"line":128,"column":15}},"49":{"start":{"line":125,"column":27},"end":{"line":125,"column":42}},"50":{"start":{"line":126,"column":16},"end":{"line":126,"column":41}},"51":{"start":{"line":127,"column":16},"end":{"line":127,"column":28}},"52":{"start":{"line":130,"column":8},"end":{"line":136,"column":11}},"53":{"start":{"line":131,"column":12},"end":{"line":135,"column":15}},"54":{"start":{"line":132,"column":27},"end":{"line":132,"column":42}},"55":{"start":{"line":133,"column":16},"end":{"line":133,"column":42}},"56":{"start":{"line":134,"column":16},"end":{"line":134,"column":28}},"57":{"start":{"line":141,"column":8},"end":{"line":142,"column":33}},"58":{"start":{"line":147,"column":8},"end":{"line":148,"column":33}},"59":{"start":{"line":153,"column":19},"end":{"line":153,"column":34}},"60":{"start":{"line":154,"column":8},"end":{"line":154,"column":32}},"61":{"start":{"line":155,"column":8},"end":{"line":155,"column":36}},"62":{"start":{"line":164,"column":19},"end":{"line":164,"column":34}},"63":{"start":{"line":165,"column":8},"end":{"line":165,"column":39}},"64":{"start":{"line":166,"column":8},"end":{"line":166,"column":36}},"65":{"start":{"line":174,"column":8},"end":{"line":174,"column":43}},"66":{"start":{"line":182,"column":8},"end":{"line":182,"column":42}},"67":{"start":{"line":190,"column":8},"end":{"line":190,"column":42}},"68":{"start":{"line":198,"column":8},"end":{"line":198,"column":36}},"69":{"start":{"line":199,"column":8},"end":{"line":199,"column":43}},"70":{"start":{"line":208,"column":8},"end":{"line":208,"column":44}},"71":{"start":{"line":209,"column":8},"end":{"line":209,"column":43}},"72":{"start":{"line":219,"column":8},"end":{"line":219,"column":25}},"73":{"start":{"line":221,"column":8},"end":{"line":313,"column":9}},"74":{"start":{"line":222,"column":12},"end":{"line":232,"column":14}},"75":{"start":{"line":236,"column":22},"end":{"line":249,"column":14}},"76":{"start":{"line":252,"column":16},"end":{"line":258,"column":22}},"77":{"start":{"line":262,"column":16},"end":{"line":285,"column":22}},"78":{"start":{"line":289,"column":16},"end":{"line":291,"column":22}},"79":{"start":{"line":294,"column":23},"end":{"line":294,"column":27}},"80":{"start":{"line":296,"column":12},"end":{"line":304,"column":13}},"81":{"start":{"line":297,"column":16},"end":{"line":297,"column":32}},"82":{"start":{"line":299,"column":19},"end":{"line":304,"column":13}},"83":{"start":{"line":300,"column":16},"end":{"line":300,"column":33}},"84":{"start":{"line":302,"column":19},"end":{"line":304,"column":13}},"85":{"start":{"line":303,"column":16},"end":{"line":303,"column":33}},"86":{"start":{"line":306,"column":12},"end":{"line":311,"column":14}}},"fnMap":{"0":{"name":"(anonymous_0)","decl":{"start":{"line":19,"column":4},"end":{"line":19,"column":5}},"loc":{"start":{"line":19,"column":18},"end":{"line":41,"column":5}},"line":19},"1":{"name":"(anonymous_1)","decl":{"start":{"line":48,"column":4},"end":{"line":48,"column":5}},"loc":{"start":{"line":48,"column":24},"end":{"line":58,"column":5}},"line":48},"2":{"name":"(anonymous_2)","decl":{"start":{"line":51,"column":52},"end":{"line":51,"column":53}},"loc":{"start":{"line":51,"column":65},"end":{"line":57,"column":9}},"line":51},"3":{"name":"(anonymous_3)","decl":{"start":{"line":52,"column":26},"end":{"line":52,"column":27}},"loc":{"start":{"line":52,"column":37},"end":{"line":56,"column":13}},"line":52},"4":{"name":"(anonymous_4)","decl":{"start":{"line":64,"column":4},"end":{"line":64,"column":5}},"loc":{"start":{"line":64,"column":25},"end":{"line":66,"column":5}},"line":64},"5":{"name":"(anonymous_5)","decl":{"start":{"line":73,"column":4},"end":{"line":73,"column":5}},"loc":{"start":{"line":73,"column":16},"end":{"line":87,"column":5}},"line":73},"6":{"name":"(anonymous_6)","decl":{"start":{"line":77,"column":22},"end":{"line":77,"column":23}},"loc":{"start":{"line":77,"column":30},"end":{"line":85,"column":13}},"line":77},"7":{"name":"(anonymous_7)","decl":{"start":{"line":93,"column":4},"end":{"line":93,"column":5}},"loc":{"start":{"line":93,"column":15},"end":{"line":137,"column":5}},"line":93},"8":{"name":"(anonymous_8)","decl":{"start":{"line":95,"column":69},"end":{"line":95,"column":70}},"loc":{"start":{"line":95,"column":81},"end":{"line":101,"column":9}},"line":95},"9":{"name":"(anonymous_9)","decl":{"start":{"line":96,"column":26},"end":{"line":96,"column":27}},"loc":{"start":{"line":96,"column":36},"end":{"line":100,"column":13}},"line":96},"10":{"name":"(anonymous_10)","decl":{"start":{"line":102,"column":68},"end":{"line":102,"column":69}},"loc":{"start":{"line":102,"column":86},"end":{"line":108,"column":9}},"line":102},"11":{"name":"(anonymous_11)","decl":{"start":{"line":103,"column":26},"end":{"line":103,"column":27}},"loc":{"start":{"line":103,"column":36},"end":{"line":107,"column":13}},"line":103},"12":{"name":"(anonymous_12)","decl":{"start":{"line":109,"column":67},"end":{"line":109,"column":68}},"loc":{"start":{"line":109,"column":83},"end":{"line":115,"column":9}},"line":109},"13":{"name":"(anonymous_13)","decl":{"start":{"line":110,"column":26},"end":{"line":110,"column":27}},"loc":{"start":{"line":110,"column":36},"end":{"line":114,"column":13}},"line":110},"14":{"name":"(anonymous_14)","decl":{"start":{"line":116,"column":66},"end":{"line":116,"column":67}},"loc":{"start":{"line":116,"column":82},"end":{"line":122,"column":9}},"line":116},"15":{"name":"(anonymous_15)","decl":{"start":{"line":117,"column":26},"end":{"line":117,"column":27}},"loc":{"start":{"line":117,"column":36},"end":{"line":121,"column":13}},"line":117},"16":{"name":"(anonymous_16)","decl":{"start":{"line":123,"column":63},"end":{"line":123,"column":64}},"loc":{"start":{"line":123,"column":76},"end":{"line":129,"column":9}},"line":123},"17":{"name":"(anonymous_17)","decl":{"start":{"line":124,"column":26},"end":{"line":124,"column":27}},"loc":{"start":{"line":124,"column":36},"end":{"line":128,"column":13}},"line":124},"18":{"name":"(anonymous_18)","decl":{"start":{"line":130,"column":62},"end":{"line":130,"column":63}},"loc":{"start":{"line":130,"column":74},"end":{"line":136,"column":9}},"line":130},"19":{"name":"(anonymous_19)","decl":{"start":{"line":131,"column":26},"end":{"line":131,"column":27}},"loc":{"start":{"line":131,"column":36},"end":{"line":135,"column":13}},"line":131},"20":{"name":"(anonymous_20)","decl":{"start":{"line":140,"column":4},"end":{"line":140,"column":5}},"loc":{"start":{"line":140,"column":28},"end":{"line":144,"column":5}},"line":140},"21":{"name":"(anonymous_21)","decl":{"start":{"line":146,"column":4},"end":{"line":146,"column":5}},"loc":{"start":{"line":146,"column":25},"end":{"line":150,"column":5}},"line":146},"22":{"name":"(anonymous_22)","decl":{"start":{"line":152,"column":4},"end":{"line":152,"column":5}},"loc":{"start":{"line":152,"column":20},"end":{"line":157,"column":5}},"line":152},"23":{"name":"(anonymous_23)","decl":{"start":{"line":162,"column":4},"end":{"line":162,"column":5}},"loc":{"start":{"line":162,"column":13},"end":{"line":167,"column":5}},"line":162},"24":{"name":"(anonymous_24)","decl":{"start":{"line":173,"column":4},"end":{"line":173,"column":5}},"loc":{"start":{"line":173,"column":14},"end":{"line":175,"column":5}},"line":173},"25":{"name":"(anonymous_25)","decl":{"start":{"line":181,"column":4},"end":{"line":181,"column":5}},"loc":{"start":{"line":181,"column":13},"end":{"line":183,"column":5}},"line":181},"26":{"name":"(anonymous_26)","decl":{"start":{"line":189,"column":4},"end":{"line":189,"column":5}},"loc":{"start":{"line":189,"column":13},"end":{"line":191,"column":5}},"line":189},"27":{"name":"(anonymous_27)","decl":{"start":{"line":197,"column":4},"end":{"line":197,"column":5}},"loc":{"start":{"line":197,"column":14},"end":{"line":200,"column":5}},"line":197},"28":{"name":"(anonymous_28)","decl":{"start":{"line":207,"column":4},"end":{"line":207,"column":5}},"loc":{"start":{"line":207,"column":25},"end":{"line":210,"column":5}},"line":207},"29":{"name":"(anonymous_29)","decl":{"start":{"line":217,"column":4},"end":{"line":217,"column":5}},"loc":{"start":{"line":217,"column":13},"end":{"line":314,"column":5}},"line":217}},"branchMap":{"0":{"loc":{"start":{"line":75,"column":8},"end":{"line":86,"column":9}},"type":"if","locations":[{"start":{"line":75,"column":8},"end":{"line":86,"column":9}},{"start":{"line":75,"column":8},"end":{"line":86,"column":9}}],"line":75},"1":{"loc":{"start":{"line":78,"column":16},"end":{"line":84,"column":17}},"type":"if","locations":[{"start":{"line":78,"column":16},"end":{"line":84,"column":17}},{"start":{"line":78,"column":16},"end":{"line":84,"column":17}}],"line":78},"2":{"loc":{"start":{"line":79,"column":20},"end":{"line":81,"column":21}},"type":"if","locations":[{"start":{"line":79,"column":20},"end":{"line":81,"column":21}},{"start":{"line":79,"column":20},"end":{"line":81,"column":21}}],"line":79},"3":{"loc":{"start":{"line":221,"column":8},"end":{"line":313,"column":9}},"type":"if","locations":[{"start":{"line":221,"column":8},"end":{"line":313,"column":9}},{"start":{"line":221,"column":8},"end":{"line":313,"column":9}}],"line":221},"4":{"loc":{"start":{"line":221,"column":12},"end":{"line":221,"column":198}},"type":"binary-expr","locations":[{"start":{"line":221,"column":12},"end":{"line":221,"column":56}},{"start":{"line":221,"column":60},"end":{"line":221,"column":100}},{"start":{"line":221,"column":104},"end":{"line":221,"column":150}},{"start":{"line":221,"column":154},"end":{"line":221,"column":198}}],"line":221},"5":{"loc":{"start":{"line":296,"column":12},"end":{"line":304,"column":13}},"type":"if","locations":[{"start":{"line":296,"column":12},"end":{"line":304,"column":13}},{"start":{"line":296,"column":12},"end":{"line":304,"column":13}}],"line":296},"6":{"loc":{"start":{"line":299,"column":19},"end":{"line":304,"column":13}},"type":"if","locations":[{"start":{"line":299,"column":19},"end":{"line":304,"column":13}},{"start":{"line":299,"column":19},"end":{"line":304,"column":13}}],"line":299},"7":{"loc":{"start":{"line":302,"column":19},"end":{"line":304,"column":13}},"type":"if","locations":[{"start":{"line":302,"column":19},"end":{"line":304,"column":13}},{"start":{"line":302,"column":19},"end":{"line":304,"column":13}}],"line":302}},"s":{"0":1,"1":1,"2":1,"3":1,"4":1,"5":1,"6":1,"7":1,"8":1,"9":1,"10":1,"11":1,"12":1,"13":1,"14":1,"15":1,"16":1,"17":1,"18":1,"19":1,"20":54,"21":54,"22":0,"23":0,"24":0,"25":0,"26":0,"27":1,"28":1,"29":1,"30":1,"31":1,"32":1,"33":1,"34":1,"35":1,"36":1,"37":1,"38":1,"39":1,"40":1,"41":1,"42":1,"43":1,"44":1,"45":1,"46":1,"47":1,"48":1,"49":1,"50":1,"51":1,"52":1,"53":1,"54":1,"55":1,"56":1,"57":0,"58":0,"59":1,"60":1,"61":1,"62":1,"63":1,"64":1,"65":1,"66":1,"67":1,"68":1,"69":1,"70":2,"71":2,"72":54,"73":54,"74":11,"75":43,"76":43,"77":43,"78":43,"79":43,"80":43,"81":39,"82":4,"83":2,"84":2,"85":2,"86":43},"f":{"0":1,"1":1,"2":1,"3":1,"4":1,"5":54,"6":0,"7":1,"8":1,"9":1,"10":1,"11":1,"12":1,"13":1,"14":1,"15":1,"16":1,"17":1,"18":1,"19":1,"20":0,"21":0,"22":1,"23":1,"24":1,"25":1,"26":1,"27":1,"28":2,"29":54},"b":{"0":[0,54],"1":[0,0],"2":[0,0],"3":[11,43],"4":[54,49,45,44],"5":[39,4],"6":[2,2],"7":[2,0]},"_coverageSchema":"332fd63041d2c1bcb487cc26dd0d5f7d97098a6c","hash":"a79461786d014a99ff6e75c8ae22d243cf655117"}
,"/Users/mikkotiainen/Github/fysio2/fysio/app/javascript/Components/Fysio/Fysio.js": {"path":"/Users/mikkotiainen/Github/fysio2/fysio/app/javascript/Components/Fysio/Fysio.js","statementMap":{"0":{"start":{"line":21,"column":8},"end":{"line":21,"column":16}},"1":{"start":{"line":23,"column":8},"end":{"line":27,"column":10}},"2":{"start":{"line":28,"column":8},"end":{"line":28,"column":59}},"3":{"start":{"line":29,"column":8},"end":{"line":29,"column":51}},"4":{"start":{"line":38,"column":8},"end":{"line":38,"column":49}},"5":{"start":{"line":42,"column":19},"end":{"line":42,"column":49}},"6":{"start":{"line":43,"column":8},"end":{"line":46,"column":9}},"7":{"start":{"line":44,"column":12},"end":{"line":44,"column":19}},"8":{"start":{"line":47,"column":8},"end":{"line":49,"column":9}},"9":{"start":{"line":48,"column":12},"end":{"line":48,"column":21}},"10":{"start":{"line":50,"column":8},"end":{"line":50,"column":43}},"11":{"start":{"line":59,"column":27},"end":{"line":59,"column":36}},"12":{"start":{"line":60,"column":21},"end":{"line":60,"column":30}},"13":{"start":{"line":61,"column":25},"end":{"line":61,"column":34}},"14":{"start":{"line":63,"column":8},"end":{"line":67,"column":9}},"15":{"start":{"line":64,"column":12},"end":{"line":64,"column":61}},"16":{"start":{"line":65,"column":12},"end":{"line":65,"column":49}},"17":{"start":{"line":66,"column":12},"end":{"line":66,"column":57}},"18":{"start":{"line":79,"column":12},"end":{"line":87,"column":20}},"19":{"start":{"line":90,"column":24},"end":{"line":98,"column":14}},"20":{"start":{"line":92,"column":70},"end":{"line":92,"column":89}},"21":{"start":{"line":93,"column":70},"end":{"line":93,"column":88}},"22":{"start":{"line":95,"column":70},"end":{"line":95,"column":88}},"23":{"start":{"line":96,"column":70},"end":{"line":96,"column":89}},"24":{"start":{"line":99,"column":8},"end":{"line":103,"column":9}},"25":{"start":{"line":100,"column":12},"end":{"line":100,"column":54}},"26":{"start":{"line":102,"column":12},"end":{"line":102,"column":36}},"27":{"start":{"line":107,"column":8},"end":{"line":109,"column":9}},"28":{"start":{"line":108,"column":12},"end":{"line":108,"column":42}},"29":{"start":{"line":110,"column":23},"end":{"line":110,"column":24}},"30":{"start":{"line":111,"column":25},"end":{"line":111,"column":29}},"31":{"start":{"line":113,"column":8},"end":{"line":133,"column":9}},"32":{"start":{"line":114,"column":12},"end":{"line":114,"column":35}},"33":{"start":{"line":116,"column":12},"end":{"line":132,"column":14}},"34":{"start":{"line":119,"column":24},"end":{"line":129,"column":25}},"35":{"start":{"line":120,"column":28},"end":{"line":120,"column":39}},"36":{"start":{"line":121,"column":28},"end":{"line":128,"column":30}},"37":{"start":{"line":134,"column":8},"end":{"line":142,"column":9}}},"fnMap":{"0":{"name":"(anonymous_0)","decl":{"start":{"line":20,"column":4},"end":{"line":20,"column":5}},"loc":{"start":{"line":20,"column":18},"end":{"line":30,"column":5}},"line":20},"1":{"name":"(anonymous_1)","decl":{"start":{"line":37,"column":4},"end":{"line":37,"column":5}},"loc":{"start":{"line":37,"column":27},"end":{"line":39,"column":5}},"line":37},"2":{"name":"(anonymous_2)","decl":{"start":{"line":41,"column":4},"end":{"line":41,"column":5}},"loc":{"start":{"line":41,"column":21},"end":{"line":52,"column":5}},"line":41},"3":{"name":"(anonymous_3)","decl":{"start":{"line":58,"column":4},"end":{"line":58,"column":5}},"loc":{"start":{"line":58,"column":13},"end":{"line":143,"column":5}},"line":58},"4":{"name":"(anonymous_4)","decl":{"start":{"line":92,"column":66},"end":{"line":92,"column":67}},"loc":{"start":{"line":92,"column":70},"end":{"line":92,"column":89}},"line":92},"5":{"name":"(anonymous_5)","decl":{"start":{"line":93,"column":66},"end":{"line":93,"column":67}},"loc":{"start":{"line":93,"column":70},"end":{"line":93,"column":88}},"line":93},"6":{"name":"(anonymous_6)","decl":{"start":{"line":95,"column":66},"end":{"line":95,"column":67}},"loc":{"start":{"line":95,"column":70},"end":{"line":95,"column":88}},"line":95},"7":{"name":"(anonymous_7)","decl":{"start":{"line":96,"column":66},"end":{"line":96,"column":67}},"loc":{"start":{"line":96,"column":70},"end":{"line":96,"column":89}},"line":96},"8":{"name":"(anonymous_8)","decl":{"start":{"line":118,"column":39},"end":{"line":118,"column":40}},"loc":{"start":{"line":118,"column":54},"end":{"line":130,"column":21}},"line":118}},"branchMap":{"0":{"loc":{"start":{"line":43,"column":8},"end":{"line":46,"column":9}},"type":"if","locations":[{"start":{"line":43,"column":8},"end":{"line":46,"column":9}},{"start":{"line":43,"column":8},"end":{"line":46,"column":9}}],"line":43},"1":{"loc":{"start":{"line":43,"column":11},"end":{"line":43,"column":68}},"type":"binary-expr","locations":[{"start":{"line":43,"column":11},"end":{"line":43,"column":21}},{"start":{"line":43,"column":25},"end":{"line":43,"column":68}}],"line":43},"2":{"loc":{"start":{"line":47,"column":8},"end":{"line":49,"column":9}},"type":"if","locations":[{"start":{"line":47,"column":8},"end":{"line":49,"column":9}},{"start":{"line":47,"column":8},"end":{"line":49,"column":9}}],"line":47},"3":{"loc":{"start":{"line":63,"column":8},"end":{"line":67,"column":9}},"type":"if","locations":[{"start":{"line":63,"column":8},"end":{"line":67,"column":9}},{"start":{"line":63,"column":8},"end":{"line":67,"column":9}}],"line":63},"4":{"loc":{"start":{"line":99,"column":8},"end":{"line":103,"column":9}},"type":"if","locations":[{"start":{"line":99,"column":8},"end":{"line":103,"column":9}},{"start":{"line":99,"column":8},"end":{"line":103,"column":9}}],"line":99},"5":{"loc":{"start":{"line":107,"column":8},"end":{"line":109,"column":9}},"type":"if","locations":[{"start":{"line":107,"column":8},"end":{"line":109,"column":9}},{"start":{"line":107,"column":8},"end":{"line":109,"column":9}}],"line":107},"6":{"loc":{"start":{"line":107,"column":11},"end":{"line":107,"column":50}},"type":"binary-expr","locations":[{"start":{"line":107,"column":11},"end":{"line":107,"column":31}},{"start":{"line":107,"column":35},"end":{"line":107,"column":50}}],"line":107},"7":{"loc":{"start":{"line":113,"column":8},"end":{"line":133,"column":9}},"type":"if","locations":[{"start":{"line":113,"column":8},"end":{"line":133,"column":9}},{"start":{"line":113,"column":8},"end":{"line":133,"column":9}}],"line":113},"8":{"loc":{"start":{"line":113,"column":11},"end":{"line":113,"column":113}},"type":"binary-expr","locations":[{"start":{"line":113,"column":11},"end":{"line":113,"column":37}},{"start":{"line":113,"column":41},"end":{"line":113,"column":62}},{"start":{"line":113,"column":66},"end":{"line":113,"column":90}},{"start":{"line":113,"column":94},"end":{"line":113,"column":113}}],"line":113},"9":{"loc":{"start":{"line":119,"column":24},"end":{"line":129,"column":25}},"type":"if","locations":[{"start":{"line":119,"column":24},"end":{"line":129,"column":25}},{"start":{"line":119,"column":24},"end":{"line":129,"column":25}}],"line":119},"10":{"loc":{"start":{"line":119,"column":27},"end":{"line":119,"column":142}},"type":"binary-expr","locations":[{"start":{"line":119,"column":27},"end":{"line":119,"column":59}},{"start":{"line":119,"column":63},"end":{"line":119,"column":142}}],"line":119}},"s":{"0":12,"1":12,"2":12,"3":12,"4":1,"5":8,"6":8,"7":1,"8":7,"9":1,"10":7,"11":20,"12":20,"13":20,"14":20,"15":17,"16":17,"17":17,"18":20,"19":20,"20":1,"21":2,"22":1,"23":1,"24":20,"25":17,"26":3,"27":20,"28":3,"29":17,"30":17,"31":17,"32":0,"33":17,"34":120,"35":103,"36":103,"37":17},"f":{"0":12,"1":1,"2":8,"3":20,"4":1,"5":2,"6":1,"7":1,"8":120},"b":{"0":[1,7],"1":[8,3],"2":[1,6],"3":[17,3],"4":[17,3],"5":[3,17],"6":[20,17],"7":[0,17],"8":[17,17,17,17],"9":[103,17],"10":[120,111]},"_coverageSchema":"332fd63041d2c1bcb487cc26dd0d5f7d97098a6c","hash":"43fe32b68c2def48cafd0861f8856d52bf067dcb"}
,"/Users/mikkotiainen/Github/fysio2/fysio/app/javascript/Components/Fysio/Publication/Publication.js": {"path":"/Users/mikkotiainen/Github/fysio2/fysio/app/javascript/Components/Fysio/Publication/Publication.js","statementMap":{"0":{"start":{"line":18,"column":8},"end":{"line":18,"column":16}},"1":{"start":{"line":35,"column":12},"end":{"line":49,"column":14}},"2":{"start":{"line":39,"column":28},"end":{"line":45,"column":30}},"3":{"start":{"line":54,"column":0},"end":{"line":56,"column":2}}},"fnMap":{"0":{"name":"(anonymous_0)","decl":{"start":{"line":17,"column":4},"end":{"line":17,"column":5}},"loc":{"start":{"line":17,"column":17},"end":{"line":19,"column":5}},"line":17},"1":{"name":"(anonymous_1)","decl":{"start":{"line":26,"column":4},"end":{"line":26,"column":5}},"loc":{"start":{"line":26,"column":12},"end":{"line":51,"column":9}},"line":26},"2":{"name":"(anonymous_2)","decl":{"start":{"line":38,"column":54},"end":{"line":38,"column":55}},"loc":{"start":{"line":39,"column":28},"end":{"line":45,"column":30}},"line":39}},"branchMap":{},"s":{"0":1,"1":1,"2":5,"3":3},"f":{"0":1,"1":1,"2":5},"b":{},"_coverageSchema":"332fd63041d2c1bcb487cc26dd0d5f7d97098a6c","hash":"b5e5067a25eccf4bd15f022b6547043e6bd5aa3c"}
,"/Users/mikkotiainen/Github/fysio2/fysio/app/javascript/Components/Fysio/Publication/PublicationLayerCategoryList/PublicationLayerCategoryList.js": {"path":"/Users/mikkotiainen/Github/fysio2/fysio/app/javascript/Components/Fysio/Publication/PublicationLayerCategoryList/PublicationLayerCategoryList.js","statementMap":{"0":{"start":{"line":17,"column":8},"end":{"line":17,"column":16}},"1":{"start":{"line":26,"column":25},"end":{"line":26,"column":106}},"2":{"start":{"line":28,"column":8},"end":{"line":45,"column":9}},"3":{"start":{"line":32,"column":20},"end":{"line":42,"column":22}},"4":{"start":{"line":49,"column":0},"end":{"line":59,"column":2}}},"fnMap":{"0":{"name":"(anonymous_0)","decl":{"start":{"line":16,"column":4},"end":{"line":16,"column":5}},"loc":{"start":{"line":16,"column":18},"end":{"line":18,"column":5}},"line":16},"1":{"name":"(anonymous_1)","decl":{"start":{"line":25,"column":4},"end":{"line":25,"column":5}},"loc":{"start":{"line":25,"column":13},"end":{"line":46,"column":5}},"line":25},"2":{"name":"(anonymous_2)","decl":{"start":{"line":31,"column":32},"end":{"line":31,"column":33}},"loc":{"start":{"line":32,"column":20},"end":{"line":42,"column":22}},"line":32}},"branchMap":{},"s":{"0":4,"1":4,"2":4,"3":3,"4":4},"f":{"0":4,"1":4,"2":3},"b":{},"_coverageSchema":"332fd63041d2c1bcb487cc26dd0d5f7d97098a6c","hash":"a90d95b847c7f2b29f31ff6af48e0ab7c716a60b"}
,"/Users/mikkotiainen/Github/fysio2/fysio/app/javascript/Components/Fysio/Publication/PublicationLayerCategoryList/CategoryButton/CategoryButton.js": {"path":"/Users/mikkotiainen/Github/fysio2/fysio/app/javascript/Components/Fysio/Publication/PublicationLayerCategoryList/CategoryButton/CategoryButton.js","statementMap":{"0":{"start":{"line":19,"column":8},"end":{"line":19,"column":21}},"1":{"start":{"line":21,"column":8},"end":{"line":21,"column":45}},"2":{"start":{"line":22,"column":8},"end":{"line":24,"column":10}},"3":{"start":{"line":25,"column":8},"end":{"line":25,"column":49}},"4":{"start":{"line":33,"column":8},"end":{"line":35,"column":11}},"5":{"start":{"line":43,"column":8},"end":{"line":43,"column":46}},"6":{"start":{"line":53,"column":8},"end":{"line":57,"column":9}},"7":{"start":{"line":54,"column":12},"end":{"line":54,"column":38}},"8":{"start":{"line":56,"column":12},"end":{"line":56,"column":38}},"9":{"start":{"line":58,"column":8},"end":{"line":62,"column":9}},"10":{"start":{"line":59,"column":12},"end":{"line":59,"column":41}},"11":{"start":{"line":61,"column":12},"end":{"line":61,"column":39}},"12":{"start":{"line":63,"column":8},"end":{"line":76,"column":10}},"13":{"start":{"line":80,"column":0},"end":{"line":87,"column":2}}},"fnMap":{"0":{"name":"(anonymous_0)","decl":{"start":{"line":18,"column":4},"end":{"line":18,"column":5}},"loc":{"start":{"line":18,"column":23},"end":{"line":26,"column":5}},"line":18},"1":{"name":"(anonymous_1)","decl":{"start":{"line":32,"column":4},"end":{"line":32,"column":5}},"loc":{"start":{"line":32,"column":13},"end":{"line":36,"column":5}},"line":32},"2":{"name":"(anonymous_2)","decl":{"start":{"line":42,"column":4},"end":{"line":42,"column":5}},"loc":{"start":{"line":42,"column":15},"end":{"line":44,"column":5}},"line":42},"3":{"name":"(anonymous_3)","decl":{"start":{"line":51,"column":4},"end":{"line":51,"column":5}},"loc":{"start":{"line":51,"column":13},"end":{"line":77,"column":5}},"line":51}},"branchMap":{"0":{"loc":{"start":{"line":53,"column":8},"end":{"line":57,"column":9}},"type":"if","locations":[{"start":{"line":53,"column":8},"end":{"line":57,"column":9}},{"start":{"line":53,"column":8},"end":{"line":57,"column":9}}],"line":53},"1":{"loc":{"start":{"line":58,"column":8},"end":{"line":62,"column":9}},"type":"if","locations":[{"start":{"line":58,"column":8},"end":{"line":62,"column":9}},{"start":{"line":58,"column":8},"end":{"line":62,"column":9}}],"line":58}},"s":{"0":6,"1":6,"2":6,"3":6,"4":0,"5":0,"6":8,"7":1,"8":7,"9":8,"10":7,"11":1,"12":8,"13":5},"f":{"0":6,"1":0,"2":0,"3":8},"b":{"0":[1,7],"1":[7,1]},"_coverageSchema":"332fd63041d2c1bcb487cc26dd0d5f7d97098a6c","hash":"4e1ba078e08a323d284d5cb0fb7af31fae015e5a"}
,"/Users/mikkotiainen/Github/fysio2/fysio/app/javascript/Components/Fysio/Publication/PublicationTitle/PublicationTitle.js": {"path":"/Users/mikkotiainen/Github/fysio2/fysio/app/javascript/Components/Fysio/Publication/PublicationTitle/PublicationTitle.js","statementMap":{"0":{"start":{"line":18,"column":8},"end":{"line":18,"column":16}},"1":{"start":{"line":19,"column":8},"end":{"line":19,"column":45}},"2":{"start":{"line":20,"column":8},"end":{"line":24,"column":10}},"3":{"start":{"line":33,"column":26},"end":{"line":33,"column":75}},"4":{"start":{"line":34,"column":8},"end":{"line":36,"column":11}},"5":{"start":{"line":37,"column":8},"end":{"line":39,"column":12}},"6":{"start":{"line":37,"column":98},"end":{"line":39,"column":10}},"7":{"start":{"line":40,"column":8},"end":{"line":42,"column":12}},"8":{"start":{"line":40,"column":96},"end":{"line":42,"column":10}},"9":{"start":{"line":51,"column":26},"end":{"line":51,"column":75}},"10":{"start":{"line":52,"column":19},"end":{"line":52,"column":41}},"11":{"start":{"line":53,"column":23},"end":{"line":53,"column":25}},"12":{"start":{"line":54,"column":8},"end":{"line":67,"column":9}},"13":{"start":{"line":55,"column":25},"end":{"line":55,"column":40}},"14":{"start":{"line":56,"column":13},"end":{"line":66,"column":15}},"15":{"start":{"line":59,"column":24},"end":{"line":63,"column":26}},"16":{"start":{"line":60,"column":28},"end":{"line":60,"column":40}},"17":{"start":{"line":62,"column":28},"end":{"line":62,"column":120}},"18":{"start":{"line":69,"column":8},"end":{"line":97,"column":10}},"19":{"start":{"line":76,"column":72},"end":{"line":77,"column":48}},"20":{"start":{"line":78,"column":78},"end":{"line":81,"column":111}},"21":{"start":{"line":102,"column":0},"end":{"line":104,"column":2}}},"fnMap":{"0":{"name":"(anonymous_0)","decl":{"start":{"line":17,"column":4},"end":{"line":17,"column":5}},"loc":{"start":{"line":17,"column":18},"end":{"line":25,"column":5}},"line":17},"1":{"name":"(anonymous_1)","decl":{"start":{"line":32,"column":4},"end":{"line":32,"column":5}},"loc":{"start":{"line":32,"column":13},"end":{"line":43,"column":5}},"line":32},"2":{"name":"(anonymous_2)","decl":{"start":{"line":37,"column":85},"end":{"line":37,"column":86}},"loc":{"start":{"line":37,"column":98},"end":{"line":39,"column":10}},"line":37},"3":{"name":"(anonymous_3)","decl":{"start":{"line":40,"column":83},"end":{"line":40,"column":84}},"loc":{"start":{"line":40,"column":96},"end":{"line":42,"column":10}},"line":40},"4":{"name":"(anonymous_4)","decl":{"start":{"line":50,"column":4},"end":{"line":50,"column":5}},"loc":{"start":{"line":50,"column":13},"end":{"line":99,"column":5}},"line":50},"5":{"name":"(anonymous_5)","decl":{"start":{"line":58,"column":31},"end":{"line":58,"column":32}},"loc":{"start":{"line":58,"column":50},"end":{"line":64,"column":21}},"line":58},"6":{"name":"(anonymous_6)","decl":{"start":{"line":76,"column":64},"end":{"line":76,"column":65}},"loc":{"start":{"line":76,"column":72},"end":{"line":77,"column":48}},"line":76},"7":{"name":"(anonymous_7)","decl":{"start":{"line":78,"column":68},"end":{"line":78,"column":69}},"loc":{"start":{"line":78,"column":78},"end":{"line":81,"column":111}},"line":78}},"branchMap":{"0":{"loc":{"start":{"line":54,"column":8},"end":{"line":67,"column":9}},"type":"if","locations":[{"start":{"line":54,"column":8},"end":{"line":67,"column":9}},{"start":{"line":54,"column":8},"end":{"line":67,"column":9}}],"line":54},"1":{"loc":{"start":{"line":54,"column":12},"end":{"line":54,"column":44}},"type":"binary-expr","locations":[{"start":{"line":54,"column":12},"end":{"line":54,"column":25}},{"start":{"line":54,"column":29},"end":{"line":54,"column":44}}],"line":54},"2":{"loc":{"start":{"line":59,"column":24},"end":{"line":63,"column":26}},"type":"if","locations":[{"start":{"line":59,"column":24},"end":{"line":63,"column":26}},{"start":{"line":59,"column":24},"end":{"line":63,"column":26}}],"line":59},"3":{"loc":{"start":{"line":81,"column":29},"end":{"line":81,"column":103}},"type":"binary-expr","locations":[{"start":{"line":81,"column":29},"end":{"line":81,"column":95}},{"start":{"line":81,"column":99},"end":{"line":81,"column":103}}],"line":81}},"s":{"0":6,"1":6,"2":6,"3":1,"4":1,"5":1,"6":1,"7":1,"8":1,"9":9,"10":9,"11":9,"12":9,"13":0,"14":0,"15":0,"16":0,"17":0,"18":9,"19":1,"20":12,"21":4},"f":{"0":6,"1":1,"2":1,"3":1,"4":9,"5":0,"6":1,"7":12},"b":{"0":[0,9],"1":[9,9],"2":[0,0],"3":[12,10]},"_coverageSchema":"332fd63041d2c1bcb487cc26dd0d5f7d97098a6c","hash":"3452f09727602aa47fea284f7be4418acfe1bcd4"}
,"/Users/mikkotiainen/Github/fysio2/fysio/app/javascript/Components/Fysio/Publication/PublicationTitle/PublicationInfoTable/PublicationInfoTable.js": {"path":"/Users/mikkotiainen/Github/fysio2/fysio/app/javascript/Components/Fysio/Publication/PublicationTitle/PublicationInfoTable/PublicationInfoTable.js","statementMap":{"0":{"start":{"line":17,"column":8},"end":{"line":17,"column":16}},"1":{"start":{"line":26,"column":8},"end":{"line":52,"column":10}},"2":{"start":{"line":31,"column":28},"end":{"line":33,"column":33}},"3":{"start":{"line":40,"column":32},"end":{"line":47,"column":37}},"4":{"start":{"line":56,"column":0},"end":{"line":57,"column":2}}},"fnMap":{"0":{"name":"(anonymous_0)","decl":{"start":{"line":16,"column":4},"end":{"line":16,"column":5}},"loc":{"start":{"line":16,"column":18},"end":{"line":18,"column":5}},"line":16},"1":{"name":"(anonymous_1)","decl":{"start":{"line":25,"column":4},"end":{"line":25,"column":5}},"loc":{"start":{"line":25,"column":13},"end":{"line":53,"column":5}},"line":25},"2":{"name":"(anonymous_2)","decl":{"start":{"line":30,"column":57},"end":{"line":30,"column":58}},"loc":{"start":{"line":31,"column":28},"end":{"line":33,"column":33}},"line":31},"3":{"name":"(anonymous_3)","decl":{"start":{"line":39,"column":57},"end":{"line":39,"column":58}},"loc":{"start":{"line":40,"column":32},"end":{"line":47,"column":37}},"line":40}},"branchMap":{},"s":{"0":2,"1":4,"2":20,"3":20,"4":5},"f":{"0":2,"1":4,"2":20,"3":20},"b":{},"_coverageSchema":"332fd63041d2c1bcb487cc26dd0d5f7d97098a6c","hash":"79a8205e0bfa100a6371ac305dcffc4528659aa9"}
,"/Users/mikkotiainen/Github/fysio2/fysio/app/javascript/Components/Fysio/Publication/PublicationTitle/PublicationInfoTable/PublicationCategoryList/PublicationCategoryList.js": {"path":"/Users/mikkotiainen/Github/fysio2/fysio/app/javascript/Components/Fysio/Publication/PublicationTitle/PublicationInfoTable/PublicationCategoryList/PublicationCategoryList.js","statementMap":{"0":{"start":{"line":16,"column":8},"end":{"line":16,"column":16}},"1":{"start":{"line":25,"column":25},"end":{"line":25,"column":118}},"2":{"start":{"line":26,"column":8},"end":{"line":35,"column":10}},"3":{"start":{"line":29,"column":20},"end":{"line":32,"column":27}},"4":{"start":{"line":38,"column":0},"end":{"line":39,"column":2}}},"fnMap":{"0":{"name":"(anonymous_0)","decl":{"start":{"line":15,"column":4},"end":{"line":15,"column":5}},"loc":{"start":{"line":15,"column":18},"end":{"line":17,"column":5}},"line":15},"1":{"name":"(anonymous_1)","decl":{"start":{"line":24,"column":4},"end":{"line":24,"column":5}},"loc":{"start":{"line":24,"column":13},"end":{"line":36,"column":5}},"line":24},"2":{"name":"(anonymous_2)","decl":{"start":{"line":28,"column":32},"end":{"line":28,"column":33}},"loc":{"start":{"line":29,"column":20},"end":{"line":32,"column":27}},"line":29}},"branchMap":{},"s":{"0":11,"1":21,"2":21,"3":15,"4":6},"f":{"0":11,"1":21,"2":15},"b":{},"_coverageSchema":"332fd63041d2c1bcb487cc26dd0d5f7d97098a6c","hash":"16763a7dcc8d82e6a9cb6e3daa3f29b97f1c15bd"}
,"/Users/mikkotiainen/Github/fysio2/fysio/app/javascript/Components/Fysio/TableHeader/TableHeader.js": {"path":"/Users/mikkotiainen/Github/fysio2/fysio/app/javascript/Components/Fysio/TableHeader/TableHeader.js","statementMap":{"0":{"start":{"line":19,"column":8},"end":{"line":19,"column":16}},"1":{"start":{"line":20,"column":8},"end":{"line":20,"column":59}},"2":{"start":{"line":24,"column":8},"end":{"line":24,"column":49}},"3":{"start":{"line":32,"column":21},"end":{"line":32,"column":48}},"4":{"start":{"line":33,"column":25},"end":{"line":33,"column":56}},"5":{"start":{"line":37,"column":12},"end":{"line":40,"column":18}},"6":{"start":{"line":43,"column":8},"end":{"line":62,"column":9}},"7":{"start":{"line":44,"column":12},"end":{"line":46,"column":14}},"8":{"start":{"line":48,"column":12},"end":{"line":61,"column":13}},"9":{"start":{"line":53,"column":38},"end":{"line":58,"column":22}},"10":{"start":{"line":67,"column":0},"end":{"line":69,"column":2}}},"fnMap":{"0":{"name":"(anonymous_0)","decl":{"start":{"line":18,"column":4},"end":{"line":18,"column":5}},"loc":{"start":{"line":18,"column":17},"end":{"line":21,"column":5}},"line":18},"1":{"name":"(anonymous_1)","decl":{"start":{"line":23,"column":4},"end":{"line":23,"column":5}},"loc":{"start":{"line":23,"column":21},"end":{"line":25,"column":5}},"line":23},"2":{"name":"(anonymous_2)","decl":{"start":{"line":31,"column":4},"end":{"line":31,"column":5}},"loc":{"start":{"line":31,"column":12},"end":{"line":63,"column":5}},"line":31},"3":{"name":"(anonymous_3)","decl":{"start":{"line":53,"column":29},"end":{"line":53,"column":30}},"loc":{"start":{"line":53,"column":38},"end":{"line":58,"column":22}},"line":53}},"branchMap":{"0":{"loc":{"start":{"line":43,"column":8},"end":{"line":62,"column":9}},"type":"if","locations":[{"start":{"line":43,"column":8},"end":{"line":62,"column":9}},{"start":{"line":43,"column":8},"end":{"line":62,"column":9}}],"line":43},"1":{"loc":{"start":{"line":43,"column":11},"end":{"line":43,"column":101}},"type":"binary-expr","locations":[{"start":{"line":43,"column":11},"end":{"line":43,"column":26}},{"start":{"line":43,"column":30},"end":{"line":43,"column":50}},{"start":{"line":43,"column":54},"end":{"line":43,"column":78}},{"start":{"line":43,"column":82},"end":{"line":43,"column":101}}],"line":43}},"s":{"0":1,"1":1,"2":0,"3":1,"4":1,"5":1,"6":1,"7":0,"8":1,"9":5,"10":3},"f":{"0":1,"1":0,"2":1,"3":5},"b":{"0":[0,1],"1":[1,1,1,1]},"_coverageSchema":"332fd63041d2c1bcb487cc26dd0d5f7d97098a6c","hash":"b92a1e46f67fc303bf1845c795a6a35438c4dfbd"}
,"/Users/mikkotiainen/Github/fysio2/fysio/app/javascript/Components/Fysio/TableHeader/Layer/Layer.js": {"path":"/Users/mikkotiainen/Github/fysio2/fysio/app/javascript/Components/Fysio/TableHeader/Layer/Layer.js","statementMap":{"0":{"start":{"line":21,"column":8},"end":{"line":21,"column":16}},"1":{"start":{"line":22,"column":8},"end":{"line":22,"column":45}},"2":{"start":{"line":23,"column":8},"end":{"line":25,"column":10}},"3":{"start":{"line":33,"column":8},"end":{"line":35,"column":11}},"4":{"start":{"line":44,"column":20},"end":{"line":44,"column":63}},"5":{"start":{"line":48,"column":8},"end":{"line":64,"column":8}},"6":{"start":{"line":68,"column":0},"end":{"line":70,"column":2}}},"fnMap":{"0":{"name":"(anonymous_0)","decl":{"start":{"line":20,"column":4},"end":{"line":20,"column":5}},"loc":{"start":{"line":20,"column":18},"end":{"line":26,"column":5}},"line":20},"1":{"name":"(anonymous_1)","decl":{"start":{"line":32,"column":4},"end":{"line":32,"column":5}},"loc":{"start":{"line":32,"column":13},"end":{"line":36,"column":5}},"line":32},"2":{"name":"(anonymous_2)","decl":{"start":{"line":43,"column":4},"end":{"line":43,"column":5}},"loc":{"start":{"line":43,"column":12},"end":{"line":65,"column":5}},"line":43}},"branchMap":{},"s":{"0":17,"1":17,"2":17,"3":1,"4":18,"5":18,"6":4},"f":{"0":17,"1":1,"2":18},"b":{},"_coverageSchema":"332fd63041d2c1bcb487cc26dd0d5f7d97098a6c","hash":"b847d38fc4a0f1a0b762d57f627306f67e54ef9b"}
,"/Users/mikkotiainen/Github/fysio2/fysio/app/javascript/Components/Fysio/TableHeader/Layer/CategoryList/CategoryList.js": {"path":"/Users/mikkotiainen/Github/fysio2/fysio/app/javascript/Components/Fysio/TableHeader/Layer/CategoryList/CategoryList.js","statementMap":{"0":{"start":{"line":20,"column":8},"end":{"line":20,"column":16}},"1":{"start":{"line":29,"column":8},"end":{"line":44,"column":9}},"2":{"start":{"line":30,"column":12},"end":{"line":30,"column":24}},"3":{"start":{"line":32,"column":12},"end":{"line":43,"column":13}},"4":{"start":{"line":35,"column":32},"end":{"line":40,"column":35}},"5":{"start":{"line":48,"column":0},"end":{"line":50,"column":2}}},"fnMap":{"0":{"name":"(anonymous_0)","decl":{"start":{"line":19,"column":4},"end":{"line":19,"column":5}},"loc":{"start":{"line":19,"column":17},"end":{"line":21,"column":5}},"line":19},"1":{"name":"(anonymous_1)","decl":{"start":{"line":28,"column":4},"end":{"line":28,"column":5}},"loc":{"start":{"line":28,"column":13},"end":{"line":45,"column":5}},"line":28},"2":{"name":"(anonymous_2)","decl":{"start":{"line":34,"column":90},"end":{"line":34,"column":91}},"loc":{"start":{"line":35,"column":32},"end":{"line":40,"column":35}},"line":35}},"branchMap":{"0":{"loc":{"start":{"line":29,"column":8},"end":{"line":44,"column":9}},"type":"if","locations":[{"start":{"line":29,"column":8},"end":{"line":44,"column":9}},{"start":{"line":29,"column":8},"end":{"line":44,"column":9}}],"line":29},"1":{"loc":{"start":{"line":29,"column":11},"end":{"line":29,"column":100}},"type":"binary-expr","locations":[{"start":{"line":29,"column":11},"end":{"line":29,"column":51}},{"start":{"line":29,"column":55},"end":{"line":29,"column":100}}],"line":29}},"s":{"0":19,"1":20,"2":0,"3":20,"4":106,"5":5},"f":{"0":19,"1":20,"2":106},"b":{"0":[0,20],"1":[20,20]},"_coverageSchema":"332fd63041d2c1bcb487cc26dd0d5f7d97098a6c","hash":"429a63579b09dc315eaed745c88a40e711f43219"}
,"/Users/mikkotiainen/Github/fysio2/fysio/app/javascript/Components/Fysio/TableHeader/Layer/CategoryList/Category/Category.js": {"path":"/Users/mikkotiainen/Github/fysio2/fysio/app/javascript/Components/Fysio/TableHeader/Layer/CategoryList/Category/Category.js","statementMap":{"0":{"start":{"line":17,"column":8},"end":{"line":17,"column":16}},"1":{"start":{"line":18,"column":8},"end":{"line":18,"column":45}},"2":{"start":{"line":26,"column":8},"end":{"line":26,"column":46}},"3":{"start":{"line":35,"column":23},"end":{"line":35,"column":69}},"4":{"start":{"line":37,"column":8},"end":{"line":41,"column":10}},"5":{"start":{"line":46,"column":0},"end":{"line":48,"column":2}}},"fnMap":{"0":{"name":"(anonymous_0)","decl":{"start":{"line":16,"column":4},"end":{"line":16,"column":5}},"loc":{"start":{"line":16,"column":18},"end":{"line":19,"column":5}},"line":16},"1":{"name":"(anonymous_1)","decl":{"start":{"line":25,"column":4},"end":{"line":25,"column":5}},"loc":{"start":{"line":25,"column":13},"end":{"line":27,"column":5}},"line":25},"2":{"name":"(anonymous_2)","decl":{"start":{"line":34,"column":4},"end":{"line":34,"column":5}},"loc":{"start":{"line":34,"column":13},"end":{"line":43,"column":5}},"line":34}},"branchMap":{"0":{"loc":{"start":{"line":38,"column":51},"end":{"line":38,"column":93}},"type":"cond-expr","locations":[{"start":{"line":38,"column":71},"end":{"line":38,"column":85}},{"start":{"line":38,"column":88},"end":{"line":38,"column":93}}],"line":38}},"s":{"0":102,"1":102,"2":0,"3":107,"4":107,"5":6},"f":{"0":102,"1":0,"2":107},"b":{"0":[0,107]},"_coverageSchema":"332fd63041d2c1bcb487cc26dd0d5f7d97098a6c","hash":"297bfbb653d6c597fe4b55d64bf57519c7f42565"}
,"/Users/mikkotiainen/Github/fysio2/fysio/app/javascript/Components/Helpers/Tests.js": {"path":"/Users/mikkotiainen/Github/fysio2/fysio/app/javascript/Components/Helpers/Tests.js","statementMap":{"0":{"start":{"line":10,"column":24},"end":{"line":10,"column":49}},"1":{"start":{"line":11,"column":8},"end":{"line":11,"column":47}},"2":{"start":{"line":15,"column":8},"end":{"line":19,"column":9}},"3":{"start":{"line":16,"column":12},"end":{"line":18,"column":14}},"4":{"start":{"line":20,"column":8},"end":{"line":20,"column":22}},"5":{"start":{"line":24,"column":8},"end":{"line":28,"column":9}},"6":{"start":{"line":25,"column":12},"end":{"line":27,"column":14}},"7":{"start":{"line":29,"column":8},"end":{"line":29,"column":22}},"8":{"start":{"line":33,"column":26},"end":{"line":33,"column":30}},"9":{"start":{"line":34,"column":8},"end":{"line":70,"column":11}},"10":{"start":{"line":71,"column":8},"end":{"line":139,"column":11}},"11":{"start":{"line":140,"column":8},"end":{"line":511,"column":16}},"12":{"start":{"line":512,"column":8},"end":{"line":576,"column":12}},"13":{"start":{"line":577,"column":8},"end":{"line":586,"column":12}},"14":{"start":{"line":587,"column":8},"end":{"line":599,"column":12}},"15":{"start":{"line":600,"column":8},"end":{"line":600,"column":27}},"16":{"start":{"line":604,"column":8},"end":{"line":604,"column":46}},"17":{"start":{"line":605,"column":8},"end":{"line":605,"column":27}},"18":{"start":{"line":606,"column":8},"end":{"line":606,"column":21}},"19":{"start":{"line":610,"column":8},"end":{"line":610,"column":46}},"20":{"start":{"line":611,"column":8},"end":{"line":611,"column":21}},"21":{"start":{"line":612,"column":8},"end":{"line":612,"column":21}},"22":{"start":{"line":616,"column":19},"end":{"line":616,"column":43}},"23":{"start":{"line":617,"column":8},"end":{"line":617,"column":29}},"24":{"start":{"line":618,"column":8},"end":{"line":618,"column":45}},"25":{"start":{"line":619,"column":8},"end":{"line":619,"column":48}},"26":{"start":{"line":620,"column":8},"end":{"line":620,"column":21}},"27":{"start":{"line":624,"column":8},"end":{"line":624,"column":46}},"28":{"start":{"line":625,"column":8},"end":{"line":625,"column":21}},"29":{"start":{"line":626,"column":8},"end":{"line":626,"column":21}},"30":{"start":{"line":630,"column":8},"end":{"line":630,"column":46}},"31":{"start":{"line":631,"column":8},"end":{"line":631,"column":21}},"32":{"start":{"line":632,"column":8},"end":{"line":632,"column":27}},"33":{"start":{"line":633,"column":8},"end":{"line":633,"column":21}},"34":{"start":{"line":637,"column":8},"end":{"line":637,"column":46}},"35":{"start":{"line":638,"column":8},"end":{"line":638,"column":21}},"36":{"start":{"line":642,"column":8},"end":{"line":642,"column":21}},"37":{"start":{"line":643,"column":8},"end":{"line":643,"column":27}},"38":{"start":{"line":644,"column":8},"end":{"line":644,"column":46}},"39":{"start":{"line":645,"column":8},"end":{"line":645,"column":21}},"40":{"start":{"line":649,"column":8},"end":{"line":649,"column":21}},"41":{"start":{"line":650,"column":8},"end":{"line":650,"column":46}},"42":{"start":{"line":651,"column":8},"end":{"line":651,"column":21}},"43":{"start":{"line":655,"column":8},"end":{"line":655,"column":46}},"44":{"start":{"line":656,"column":8},"end":{"line":656,"column":21}},"45":{"start":{"line":660,"column":8},"end":{"line":660,"column":46}},"46":{"start":{"line":661,"column":8},"end":{"line":661,"column":21}}},"fnMap":{"0":{"name":"(anonymous_0)","decl":{"start":{"line":9,"column":4},"end":{"line":9,"column":5}},"loc":{"start":{"line":9,"column":66},"end":{"line":12,"column":5}},"line":9},"1":{"name":"(anonymous_1)","decl":{"start":{"line":14,"column":4},"end":{"line":14,"column":5}},"loc":{"start":{"line":14,"column":54},"end":{"line":21,"column":5}},"line":14},"2":{"name":"(anonymous_2)","decl":{"start":{"line":23,"column":4},"end":{"line":23,"column":5}},"loc":{"start":{"line":23,"column":56},"end":{"line":30,"column":5}},"line":23},"3":{"name":"(anonymous_3)","decl":{"start":{"line":32,"column":4},"end":{"line":32,"column":5}},"loc":{"start":{"line":32,"column":25},"end":{"line":601,"column":5}},"line":32},"4":{"name":"(anonymous_4)","decl":{"start":{"line":603,"column":4},"end":{"line":603,"column":5}},"loc":{"start":{"line":603,"column":45},"end":{"line":607,"column":5}},"line":603},"5":{"name":"(anonymous_5)","decl":{"start":{"line":609,"column":4},"end":{"line":609,"column":5}},"loc":{"start":{"line":609,"column":38},"end":{"line":613,"column":5}},"line":609},"6":{"name":"(anonymous_6)","decl":{"start":{"line":615,"column":4},"end":{"line":615,"column":5}},"loc":{"start":{"line":615,"column":39},"end":{"line":621,"column":5}},"line":615},"7":{"name":"(anonymous_7)","decl":{"start":{"line":618,"column":32},"end":{"line":618,"column":33}},"loc":{"start":{"line":618,"column":42},"end":{"line":618,"column":44}},"line":618},"8":{"name":"(anonymous_8)","decl":{"start":{"line":623,"column":4},"end":{"line":623,"column":5}},"loc":{"start":{"line":623,"column":44},"end":{"line":627,"column":5}},"line":623},"9":{"name":"(anonymous_9)","decl":{"start":{"line":629,"column":4},"end":{"line":629,"column":5}},"loc":{"start":{"line":629,"column":56},"end":{"line":634,"column":5}},"line":629},"10":{"name":"(anonymous_10)","decl":{"start":{"line":636,"column":4},"end":{"line":636,"column":5}},"loc":{"start":{"line":636,"column":53},"end":{"line":639,"column":5}},"line":636},"11":{"name":"(anonymous_11)","decl":{"start":{"line":641,"column":4},"end":{"line":641,"column":5}},"loc":{"start":{"line":641,"column":61},"end":{"line":646,"column":5}},"line":641},"12":{"name":"(anonymous_12)","decl":{"start":{"line":648,"column":4},"end":{"line":648,"column":5}},"loc":{"start":{"line":648,"column":49},"end":{"line":652,"column":5}},"line":648},"13":{"name":"(anonymous_13)","decl":{"start":{"line":654,"column":4},"end":{"line":654,"column":5}},"loc":{"start":{"line":654,"column":44},"end":{"line":657,"column":5}},"line":654},"14":{"name":"(anonymous_14)","decl":{"start":{"line":659,"column":4},"end":{"line":659,"column":5}},"loc":{"start":{"line":659,"column":33},"end":{"line":662,"column":5}},"line":659}},"branchMap":{"0":{"loc":{"start":{"line":15,"column":8},"end":{"line":19,"column":9}},"type":"if","locations":[{"start":{"line":15,"column":8},"end":{"line":19,"column":9}},{"start":{"line":15,"column":8},"end":{"line":19,"column":9}}],"line":15},"1":{"loc":{"start":{"line":24,"column":8},"end":{"line":28,"column":9}},"type":"if","locations":[{"start":{"line":24,"column":8},"end":{"line":28,"column":9}},{"start":{"line":24,"column":8},"end":{"line":28,"column":9}}],"line":24}},"s":{"0":6,"1":6,"2":54,"3":43,"4":54,"5":52,"6":33,"7":52,"8":113,"9":113,"10":113,"11":113,"12":113,"13":113,"14":113,"15":113,"16":2,"17":2,"18":2,"19":12,"20":12,"21":12,"22":1,"23":1,"24":1,"25":1,"26":1,"27":1,"28":1,"29":1,"30":1,"31":1,"32":1,"33":1,"34":1,"35":1,"36":3,"37":3,"38":3,"39":3,"40":0,"41":0,"42":0,"43":1,"44":1,"45":0,"46":0},"f":{"0":6,"1":54,"2":52,"3":113,"4":2,"5":12,"6":1,"7":0,"8":1,"9":1,"10":1,"11":3,"12":0,"13":1,"14":0},"b":{"0":[43,11],"1":[33,19]},"_coverageSchema":"332fd63041d2c1bcb487cc26dd0d5f7d97098a6c","hash":"306691b00ea5d4920150fdfdd79cb26a177dbafc"}
,"/Users/mikkotiainen/Github/fysio2/fysio/app/javascript/Components/NavBar/AuthorCheckbox.js": {"path":"/Users/mikkotiainen/Github/fysio2/fysio/app/javascript/Components/NavBar/AuthorCheckbox.js","statementMap":{"0":{"start":{"line":9,"column":8},"end":{"line":9,"column":16}},"1":{"start":{"line":10,"column":8},"end":{"line":10,"column":61}},"2":{"start":{"line":14,"column":8},"end":{"line":14,"column":53}},"3":{"start":{"line":18,"column":8},"end":{"line":25,"column":9}}},"fnMap":{"0":{"name":"(anonymous_0)","decl":{"start":{"line":8,"column":4},"end":{"line":8,"column":5}},"loc":{"start":{"line":8,"column":18},"end":{"line":11,"column":5}},"line":8},"1":{"name":"(anonymous_1)","decl":{"start":{"line":13,"column":4},"end":{"line":13,"column":5}},"loc":{"start":{"line":13,"column":21},"end":{"line":15,"column":5}},"line":13},"2":{"name":"(anonymous_2)","decl":{"start":{"line":17,"column":4},"end":{"line":17,"column":5}},"loc":{"start":{"line":17,"column":13},"end":{"line":26,"column":5}},"line":17}},"branchMap":{},"s":{"0":2,"1":2,"2":0,"3":2},"f":{"0":2,"1":0,"2":2},"b":{},"_coverageSchema":"332fd63041d2c1bcb487cc26dd0d5f7d97098a6c","hash":"95f4437a9b5ddffdafe7091be38a81383bc81f9c"}
,"/Users/mikkotiainen/Github/fysio2/fysio/app/javascript/Components/NavBar/CategoryCheckbox.js": {"path":"/Users/mikkotiainen/Github/fysio2/fysio/app/javascript/Components/NavBar/CategoryCheckbox.js","statementMap":{"0":{"start":{"line":7,"column":8},"end":{"line":7,"column":16}},"1":{"start":{"line":8,"column":8},"end":{"line":8,"column":61}},"2":{"start":{"line":12,"column":8},"end":{"line":12,"column":54}},"3":{"start":{"line":16,"column":8},"end":{"line":23,"column":9}}},"fnMap":{"0":{"name":"(anonymous_0)","decl":{"start":{"line":6,"column":4},"end":{"line":6,"column":5}},"loc":{"start":{"line":6,"column":18},"end":{"line":9,"column":5}},"line":6},"1":{"name":"(anonymous_1)","decl":{"start":{"line":11,"column":4},"end":{"line":11,"column":5}},"loc":{"start":{"line":11,"column":21},"end":{"line":13,"column":5}},"line":11},"2":{"name":"(anonymous_2)","decl":{"start":{"line":15,"column":4},"end":{"line":15,"column":5}},"loc":{"start":{"line":15,"column":13},"end":{"line":24,"column":5}},"line":15}},"branchMap":{},"s":{"0":74,"1":74,"2":0,"3":74},"f":{"0":74,"1":0,"2":74},"b":{},"_coverageSchema":"332fd63041d2c1bcb487cc26dd0d5f7d97098a6c","hash":"a94c09669c3f982962230670a1b96fae32963218"}
,"/Users/mikkotiainen/Github/fysio2/fysio/app/javascript/Components/NavBar/CategoryForm.js": {"path":"/Users/mikkotiainen/Github/fysio2/fysio/app/javascript/Components/NavBar/CategoryForm.js","statementMap":{"0":{"start":{"line":11,"column":8},"end":{"line":11,"column":16}},"1":{"start":{"line":13,"column":8},"end":{"line":18,"column":10}},"2":{"start":{"line":20,"column":8},"end":{"line":20,"column":45}},"3":{"start":{"line":21,"column":8},"end":{"line":21,"column":57}},"4":{"start":{"line":22,"column":8},"end":{"line":22,"column":65}},"5":{"start":{"line":23,"column":8},"end":{"line":23,"column":79}},"6":{"start":{"line":24,"column":8},"end":{"line":24,"column":73}},"7":{"start":{"line":25,"column":8},"end":{"line":25,"column":53}},"8":{"start":{"line":29,"column":8},"end":{"line":29,"column":26}},"9":{"start":{"line":33,"column":8},"end":{"line":38,"column":10}},"10":{"start":{"line":43,"column":25},"end":{"line":48,"column":9}},"11":{"start":{"line":50,"column":8},"end":{"line":50,"column":26}},"12":{"start":{"line":52,"column":8},"end":{"line":52,"column":46}},"13":{"start":{"line":56,"column":8},"end":{"line":58,"column":10}},"14":{"start":{"line":62,"column":8},"end":{"line":64,"column":10}},"15":{"start":{"line":68,"column":8},"end":{"line":70,"column":10}},"16":{"start":{"line":74,"column":8},"end":{"line":104,"column":9}}},"fnMap":{"0":{"name":"(anonymous_0)","decl":{"start":{"line":10,"column":4},"end":{"line":10,"column":5}},"loc":{"start":{"line":10,"column":18},"end":{"line":26,"column":5}},"line":10},"1":{"name":"(anonymous_1)","decl":{"start":{"line":28,"column":4},"end":{"line":28,"column":5}},"loc":{"start":{"line":28,"column":13},"end":{"line":30,"column":5}},"line":28},"2":{"name":"(anonymous_2)","decl":{"start":{"line":32,"column":4},"end":{"line":32,"column":5}},"loc":{"start":{"line":32,"column":17},"end":{"line":39,"column":5}},"line":32},"3":{"name":"(anonymous_3)","decl":{"start":{"line":41,"column":4},"end":{"line":41,"column":5}},"loc":{"start":{"line":41,"column":19},"end":{"line":53,"column":5}},"line":41},"4":{"name":"(anonymous_4)","decl":{"start":{"line":55,"column":4},"end":{"line":55,"column":5}},"loc":{"start":{"line":55,"column":24},"end":{"line":59,"column":5}},"line":55},"5":{"name":"(anonymous_5)","decl":{"start":{"line":61,"column":4},"end":{"line":61,"column":5}},"loc":{"start":{"line":61,"column":31},"end":{"line":65,"column":5}},"line":61},"6":{"name":"(anonymous_6)","decl":{"start":{"line":67,"column":4},"end":{"line":67,"column":5}},"loc":{"start":{"line":67,"column":28},"end":{"line":71,"column":5}},"line":67},"7":{"name":"(anonymous_7)","decl":{"start":{"line":73,"column":4},"end":{"line":73,"column":5}},"loc":{"start":{"line":73,"column":13},"end":{"line":105,"column":5}},"line":73}},"branchMap":{},"s":{"0":31,"1":31,"2":31,"3":31,"4":31,"5":31,"6":31,"7":31,"8":1,"9":3,"10":1,"11":1,"12":1,"13":1,"14":1,"15":1,"16":40},"f":{"0":31,"1":1,"2":3,"3":1,"4":1,"5":1,"6":1,"7":40},"b":{},"_coverageSchema":"332fd63041d2c1bcb487cc26dd0d5f7d97098a6c","hash":"ed9e851d29d0a408de1a2362eeeb23f81cb68dec"}
,"/Users/mikkotiainen/Github/fysio2/fysio/app/javascript/Components/NavBar/LinkCheckbox.js": {"path":"/Users/mikkotiainen/Github/fysio2/fysio/app/javascript/Components/NavBar/LinkCheckbox.js","statementMap":{"0":{"start":{"line":9,"column":8},"end":{"line":9,"column":16}},"1":{"start":{"line":10,"column":8},"end":{"line":10,"column":61}},"2":{"start":{"line":14,"column":8},"end":{"line":14,"column":51}},"3":{"start":{"line":18,"column":8},"end":{"line":25,"column":9}}},"fnMap":{"0":{"name":"(anonymous_0)","decl":{"start":{"line":8,"column":4},"end":{"line":8,"column":5}},"loc":{"start":{"line":8,"column":18},"end":{"line":11,"column":5}},"line":8},"1":{"name":"(anonymous_1)","decl":{"start":{"line":13,"column":4},"end":{"line":13,"column":5}},"loc":{"start":{"line":13,"column":21},"end":{"line":15,"column":5}},"line":13},"2":{"name":"(anonymous_2)","decl":{"start":{"line":17,"column":4},"end":{"line":17,"column":5}},"loc":{"start":{"line":17,"column":13},"end":{"line":26,"column":5}},"line":17}},"branchMap":{},"s":{"0":2,"1":2,"2":0,"3":2},"f":{"0":2,"1":0,"2":2},"b":{},"_coverageSchema":"332fd63041d2c1bcb487cc26dd0d5f7d97098a6c","hash":"4859e5e22b1644e4e4476c1c666133fa193a52d2"}
,"/Users/mikkotiainen/Github/fysio2/fysio/app/javascript/Components/NavBar/NavBar.js": {"path":"/Users/mikkotiainen/Github/fysio2/fysio/app/javascript/Components/NavBar/NavBar.js","statementMap":{"0":{"start":{"line":21,"column":8},"end":{"line":21,"column":21}},"1":{"start":{"line":23,"column":8},"end":{"line":23,"column":53}},"2":{"start":{"line":25,"column":8},"end":{"line":25,"column":45}},"3":{"start":{"line":26,"column":8},"end":{"line":28,"column":10}},"4":{"start":{"line":36,"column":8},"end":{"line":40,"column":9}},"5":{"start":{"line":37,"column":12},"end":{"line":39,"column":14}},"6":{"start":{"line":49,"column":8},"end":{"line":49,"column":44}},"7":{"start":{"line":50,"column":8},"end":{"line":52,"column":11}},"8":{"start":{"line":60,"column":8},"end":{"line":62,"column":11}},"9":{"start":{"line":71,"column":25},"end":{"line":71,"column":46}},"10":{"start":{"line":74,"column":12},"end":{"line":80,"column":22}},"11":{"start":{"line":84,"column":12},"end":{"line":86,"column":22}},"12":{"start":{"line":88,"column":26},"end":{"line":88,"column":34}},"13":{"start":{"line":90,"column":8},"end":{"line":97,"column":9}},"14":{"start":{"line":91,"column":12},"end":{"line":91,"column":32}},"15":{"start":{"line":92,"column":12},"end":{"line":96,"column":14}},"16":{"start":{"line":99,"column":8},"end":{"line":101,"column":9}},"17":{"start":{"line":100,"column":12},"end":{"line":100,"column":92}},"18":{"start":{"line":104,"column":12},"end":{"line":126,"column":21}},"19":{"start":{"line":118,"column":41},"end":{"line":118,"column":127}},"20":{"start":{"line":129,"column":8},"end":{"line":129,"column":34}},"21":{"start":{"line":133,"column":0},"end":{"line":143,"column":2}}},"fnMap":{"0":{"name":"(anonymous_0)","decl":{"start":{"line":20,"column":4},"end":{"line":20,"column":5}},"loc":{"start":{"line":20,"column":23},"end":{"line":29,"column":5}},"line":20},"1":{"name":"(anonymous_1)","decl":{"start":{"line":35,"column":4},"end":{"line":35,"column":5}},"loc":{"start":{"line":35,"column":24},"end":{"line":41,"column":5}},"line":35},"2":{"name":"(anonymous_2)","decl":{"start":{"line":48,"column":4},"end":{"line":48,"column":5}},"loc":{"start":{"line":48,"column":21},"end":{"line":53,"column":5}},"line":48},"3":{"name":"(anonymous_3)","decl":{"start":{"line":59,"column":4},"end":{"line":59,"column":5}},"loc":{"start":{"line":59,"column":13},"end":{"line":63,"column":5}},"line":59},"4":{"name":"(anonymous_4)","decl":{"start":{"line":70,"column":4},"end":{"line":70,"column":5}},"loc":{"start":{"line":70,"column":12},"end":{"line":130,"column":5}},"line":70},"5":{"name":"(anonymous_5)","decl":{"start":{"line":118,"column":36},"end":{"line":118,"column":37}},"loc":{"start":{"line":118,"column":41},"end":{"line":118,"column":127}},"line":118}},"branchMap":{"0":{"loc":{"start":{"line":36,"column":8},"end":{"line":40,"column":9}},"type":"if","locations":[{"start":{"line":36,"column":8},"end":{"line":40,"column":9}},{"start":{"line":36,"column":8},"end":{"line":40,"column":9}}],"line":36},"1":{"loc":{"start":{"line":90,"column":8},"end":{"line":97,"column":9}},"type":"if","locations":[{"start":{"line":90,"column":8},"end":{"line":97,"column":9}},{"start":{"line":90,"column":8},"end":{"line":97,"column":9}}],"line":90},"2":{"loc":{"start":{"line":90,"column":11},"end":{"line":90,"column":79}},"type":"binary-expr","locations":[{"start":{"line":90,"column":11},"end":{"line":90,"column":42}},{"start":{"line":90,"column":46},"end":{"line":90,"column":79}}],"line":90},"3":{"loc":{"start":{"line":99,"column":8},"end":{"line":101,"column":9}},"type":"if","locations":[{"start":{"line":99,"column":8},"end":{"line":101,"column":9}},{"start":{"line":99,"column":8},"end":{"line":101,"column":9}}],"line":99}},"s":{"0":2,"1":2,"2":2,"3":2,"4":2,"5":1,"6":0,"7":0,"8":0,"9":3,"10":3,"11":3,"12":3,"13":3,"14":3,"15":3,"16":3,"17":0,"18":3,"19":4,"20":3,"21":2},"f":{"0":2,"1":2,"2":0,"3":0,"4":3,"5":4},"b":{"0":[1,1],"1":[3,0],"2":[3,3],"3":[0,3]},"_coverageSchema":"332fd63041d2c1bcb487cc26dd0d5f7d97098a6c","hash":"e438ac351982a62b3e2c6f11ae0f86105c5ace1c"}
,"/Users/mikkotiainen/Github/fysio2/fysio/app/javascript/Components/NavBar/PublicationForm.js": {"path":"/Users/mikkotiainen/Github/fysio2/fysio/app/javascript/Components/NavBar/PublicationForm.js","statementMap":{"0":{"start":{"line":15,"column":8},"end":{"line":15,"column":16}},"1":{"start":{"line":17,"column":8},"end":{"line":17,"column":45}},"2":{"start":{"line":18,"column":8},"end":{"line":18,"column":57}},"3":{"start":{"line":19,"column":8},"end":{"line":19,"column":65}},"4":{"start":{"line":20,"column":8},"end":{"line":20,"column":73}},"5":{"start":{"line":21,"column":8},"end":{"line":21,"column":65}},"6":{"start":{"line":22,"column":8},"end":{"line":22,"column":71}},"7":{"start":{"line":23,"column":8},"end":{"line":23,"column":77}},"8":{"start":{"line":24,"column":8},"end":{"line":24,"column":69}},"9":{"start":{"line":25,"column":8},"end":{"line":25,"column":51}},"10":{"start":{"line":26,"column":8},"end":{"line":26,"column":57}},"11":{"start":{"line":27,"column":8},"end":{"line":27,"column":73}},"12":{"start":{"line":28,"column":8},"end":{"line":28,"column":53}},"13":{"start":{"line":29,"column":8},"end":{"line":29,"column":47}},"14":{"start":{"line":30,"column":8},"end":{"line":30,"column":63}},"15":{"start":{"line":31,"column":8},"end":{"line":31,"column":73}},"16":{"start":{"line":32,"column":8},"end":{"line":32,"column":69}},"17":{"start":{"line":33,"column":8},"end":{"line":33,"column":53}},"18":{"start":{"line":35,"column":8},"end":{"line":51,"column":10}},"19":{"start":{"line":55,"column":8},"end":{"line":55,"column":26}},"20":{"start":{"line":61,"column":25},"end":{"line":69,"column":9}},"21":{"start":{"line":71,"column":8},"end":{"line":71,"column":26}},"22":{"start":{"line":73,"column":8},"end":{"line":73,"column":49}},"23":{"start":{"line":77,"column":8},"end":{"line":93,"column":11}},"24":{"start":{"line":97,"column":8},"end":{"line":99,"column":10}},"25":{"start":{"line":103,"column":8},"end":{"line":105,"column":11}},"26":{"start":{"line":109,"column":22},"end":{"line":109,"column":40}},"27":{"start":{"line":110,"column":21},"end":{"line":110,"column":43}},"28":{"start":{"line":111,"column":8},"end":{"line":118,"column":9}},"29":{"start":{"line":112,"column":12},"end":{"line":112,"column":33}},"30":{"start":{"line":113,"column":12},"end":{"line":117,"column":14}},"31":{"start":{"line":123,"column":22},"end":{"line":123,"column":40}},"32":{"start":{"line":124,"column":24},"end":{"line":124,"column":49}},"33":{"start":{"line":125,"column":8},"end":{"line":127,"column":10}},"34":{"start":{"line":126,"column":12},"end":{"line":126,"column":56}},"35":{"start":{"line":128,"column":8},"end":{"line":139,"column":9}},"36":{"start":{"line":129,"column":12},"end":{"line":133,"column":14}},"37":{"start":{"line":135,"column":12},"end":{"line":138,"column":14}},"38":{"start":{"line":144,"column":20},"end":{"line":144,"column":36}},"39":{"start":{"line":145,"column":19},"end":{"line":148,"column":9}},"40":{"start":{"line":150,"column":8},"end":{"line":158,"column":9}},"41":{"start":{"line":151,"column":12},"end":{"line":151,"column":29}},"42":{"start":{"line":152,"column":12},"end":{"line":157,"column":14}},"43":{"start":{"line":162,"column":20},"end":{"line":162,"column":36}},"44":{"start":{"line":163,"column":24},"end":{"line":163,"column":47}},"45":{"start":{"line":164,"column":8},"end":{"line":166,"column":10}},"46":{"start":{"line":165,"column":12},"end":{"line":165,"column":52}},"47":{"start":{"line":167,"column":8},"end":{"line":178,"column":9}},"48":{"start":{"line":168,"column":12},"end":{"line":172,"column":14}},"49":{"start":{"line":174,"column":12},"end":{"line":177,"column":14}},"50":{"start":{"line":182,"column":8},"end":{"line":184,"column":11}},"51":{"start":{"line":188,"column":8},"end":{"line":190,"column":11}},"52":{"start":{"line":194,"column":8},"end":{"line":196,"column":10}},"53":{"start":{"line":200,"column":20},"end":{"line":200,"column":43}},"54":{"start":{"line":202,"column":20},"end":{"line":202,"column":39}},"55":{"start":{"line":204,"column":8},"end":{"line":208,"column":9}},"56":{"start":{"line":205,"column":12},"end":{"line":205,"column":35}},"57":{"start":{"line":207,"column":12},"end":{"line":207,"column":29}},"58":{"start":{"line":210,"column":8},"end":{"line":212,"column":10}},"59":{"start":{"line":216,"column":8},"end":{"line":218,"column":10}},"60":{"start":{"line":222,"column":8},"end":{"line":224,"column":10}},"61":{"start":{"line":229,"column":19},"end":{"line":229,"column":40}},"62":{"start":{"line":231,"column":20},"end":{"line":231,"column":45}},"63":{"start":{"line":233,"column":8},"end":{"line":237,"column":9}},"64":{"start":{"line":234,"column":12},"end":{"line":234,"column":34}},"65":{"start":{"line":236,"column":12},"end":{"line":236,"column":35}},"66":{"start":{"line":239,"column":8},"end":{"line":241,"column":10}},"67":{"start":{"line":245,"column":22},"end":{"line":245,"column":47}},"68":{"start":{"line":247,"column":20},"end":{"line":247,"column":43}},"69":{"start":{"line":249,"column":8},"end":{"line":253,"column":9}},"70":{"start":{"line":250,"column":12},"end":{"line":250,"column":37}},"71":{"start":{"line":252,"column":12},"end":{"line":252,"column":33}},"72":{"start":{"line":254,"column":8},"end":{"line":254,"column":29}},"73":{"start":{"line":255,"column":8},"end":{"line":257,"column":10}},"74":{"start":{"line":263,"column":12},"end":{"line":268,"column":24}},"75":{"start":{"line":272,"column":12},"end":{"line":282,"column":24}},"76":{"start":{"line":278,"column":28},"end":{"line":278,"column":82}},"77":{"start":{"line":285,"column":30},"end":{"line":285,"column":97}},"78":{"start":{"line":288,"column":12},"end":{"line":296,"column":24}},"79":{"start":{"line":290,"column":20},"end":{"line":294,"column":31}},"80":{"start":{"line":300,"column":12},"end":{"line":302,"column":23}},"81":{"start":{"line":306,"column":12},"end":{"line":311,"column":24}},"82":{"start":{"line":315,"column":12},"end":{"line":320,"column":24}},"83":{"start":{"line":324,"column":12},"end":{"line":329,"column":24}},"84":{"start":{"line":333,"column":12},"end":{"line":343,"column":24}},"85":{"start":{"line":346,"column":28},"end":{"line":346,"column":91}},"86":{"start":{"line":349,"column":12},"end":{"line":351,"column":23}},"87":{"start":{"line":357,"column":12},"end":{"line":365,"column":24}},"88":{"start":{"line":359,"column":20},"end":{"line":363,"column":31}},"89":{"start":{"line":369,"column":12},"end":{"line":386,"column":24}},"90":{"start":{"line":371,"column":20},"end":{"line":384,"column":32}},"91":{"start":{"line":377,"column":28},"end":{"line":381,"column":30}},"92":{"start":{"line":389,"column":21},"end":{"line":389,"column":59}},"93":{"start":{"line":391,"column":9},"end":{"line":439,"column":9}}},"fnMap":{"0":{"name":"(anonymous_0)","decl":{"start":{"line":14,"column":4},"end":{"line":14,"column":5}},"loc":{"start":{"line":14,"column":18},"end":{"line":52,"column":5}},"line":14},"1":{"name":"(anonymous_1)","decl":{"start":{"line":54,"column":4},"end":{"line":54,"column":5}},"loc":{"start":{"line":54,"column":13},"end":{"line":56,"column":5}},"line":54},"2":{"name":"(anonymous_2)","decl":{"start":{"line":58,"column":5},"end":{"line":58,"column":6}},"loc":{"start":{"line":58,"column":21},"end":{"line":74,"column":5}},"line":58},"3":{"name":"(anonymous_3)","decl":{"start":{"line":76,"column":4},"end":{"line":76,"column":5}},"loc":{"start":{"line":76,"column":17},"end":{"line":94,"column":5}},"line":76},"4":{"name":"(anonymous_4)","decl":{"start":{"line":96,"column":4},"end":{"line":96,"column":5}},"loc":{"start":{"line":96,"column":24},"end":{"line":100,"column":5}},"line":96},"5":{"name":"(anonymous_5)","decl":{"start":{"line":102,"column":4},"end":{"line":102,"column":5}},"loc":{"start":{"line":102,"column":26},"end":{"line":106,"column":5}},"line":102},"6":{"name":"(anonymous_6)","decl":{"start":{"line":108,"column":4},"end":{"line":108,"column":5}},"loc":{"start":{"line":108,"column":16},"end":{"line":120,"column":5}},"line":108},"7":{"name":"(anonymous_7)","decl":{"start":{"line":122,"column":4},"end":{"line":122,"column":5}},"loc":{"start":{"line":122,"column":19},"end":{"line":141,"column":5}},"line":122},"8":{"name":"(anonymous_8)","decl":{"start":{"line":125,"column":22},"end":{"line":125,"column":23}},"loc":{"start":{"line":126,"column":12},"end":{"line":126,"column":56}},"line":126},"9":{"name":"(anonymous_9)","decl":{"start":{"line":143,"column":4},"end":{"line":143,"column":5}},"loc":{"start":{"line":143,"column":14},"end":{"line":159,"column":5}},"line":143},"10":{"name":"(anonymous_10)","decl":{"start":{"line":161,"column":4},"end":{"line":161,"column":5}},"loc":{"start":{"line":161,"column":17},"end":{"line":179,"column":5}},"line":161},"11":{"name":"(anonymous_11)","decl":{"start":{"line":164,"column":22},"end":{"line":164,"column":23}},"loc":{"start":{"line":165,"column":12},"end":{"line":165,"column":52}},"line":165},"12":{"name":"(anonymous_12)","decl":{"start":{"line":181,"column":4},"end":{"line":181,"column":5}},"loc":{"start":{"line":181,"column":23},"end":{"line":185,"column":5}},"line":181},"13":{"name":"(anonymous_13)","decl":{"start":{"line":187,"column":4},"end":{"line":187,"column":5}},"loc":{"start":{"line":187,"column":28},"end":{"line":191,"column":5}},"line":187},"14":{"name":"(anonymous_14)","decl":{"start":{"line":193,"column":4},"end":{"line":193,"column":5}},"loc":{"start":{"line":193,"column":28},"end":{"line":197,"column":5}},"line":193},"15":{"name":"(anonymous_15)","decl":{"start":{"line":199,"column":4},"end":{"line":199,"column":5}},"loc":{"start":{"line":199,"column":29},"end":{"line":213,"column":5}},"line":199},"16":{"name":"(anonymous_16)","decl":{"start":{"line":215,"column":4},"end":{"line":215,"column":5}},"loc":{"start":{"line":215,"column":24},"end":{"line":219,"column":5}},"line":215},"17":{"name":"(anonymous_17)","decl":{"start":{"line":221,"column":4},"end":{"line":221,"column":5}},"loc":{"start":{"line":221,"column":27},"end":{"line":225,"column":5}},"line":221},"18":{"name":"(anonymous_18)","decl":{"start":{"line":227,"column":4},"end":{"line":227,"column":5}},"loc":{"start":{"line":227,"column":37},"end":{"line":242,"column":5}},"line":227},"19":{"name":"(anonymous_19)","decl":{"start":{"line":244,"column":4},"end":{"line":244,"column":5}},"loc":{"start":{"line":244,"column":33},"end":{"line":258,"column":5}},"line":244},"20":{"name":"(anonymous_20)","decl":{"start":{"line":260,"column":4},"end":{"line":260,"column":5}},"loc":{"start":{"line":260,"column":13},"end":{"line":440,"column":5}},"line":260},"21":{"name":"(anonymous_21)","decl":{"start":{"line":277,"column":58},"end":{"line":277,"column":59}},"loc":{"start":{"line":278,"column":28},"end":{"line":278,"column":82}},"line":278},"22":{"name":"(anonymous_22)","decl":{"start":{"line":289,"column":40},"end":{"line":289,"column":41}},"loc":{"start":{"line":290,"column":20},"end":{"line":294,"column":31}},"line":290},"23":{"name":"(anonymous_23)","decl":{"start":{"line":358,"column":38},"end":{"line":358,"column":39}},"loc":{"start":{"line":359,"column":20},"end":{"line":363,"column":31}},"line":359},"24":{"name":"(anonymous_24)","decl":{"start":{"line":370,"column":71},"end":{"line":370,"column":72}},"loc":{"start":{"line":371,"column":20},"end":{"line":384,"column":32}},"line":371},"25":{"name":"(anonymous_25)","decl":{"start":{"line":376,"column":73},"end":{"line":376,"column":74}},"loc":{"start":{"line":377,"column":28},"end":{"line":381,"column":30}},"line":377}},"branchMap":{"0":{"loc":{"start":{"line":111,"column":8},"end":{"line":118,"column":9}},"type":"if","locations":[{"start":{"line":111,"column":8},"end":{"line":118,"column":9}},{"start":{"line":111,"column":8},"end":{"line":118,"column":9}}],"line":111},"1":{"loc":{"start":{"line":111,"column":12},"end":{"line":111,"column":59}},"type":"binary-expr","locations":[{"start":{"line":111,"column":12},"end":{"line":111,"column":42}},{"start":{"line":111,"column":46},"end":{"line":111,"column":59}}],"line":111},"2":{"loc":{"start":{"line":128,"column":8},"end":{"line":139,"column":9}},"type":"if","locations":[{"start":{"line":128,"column":8},"end":{"line":139,"column":9}},{"start":{"line":128,"column":8},"end":{"line":139,"column":9}}],"line":128},"3":{"loc":{"start":{"line":150,"column":8},"end":{"line":158,"column":9}},"type":"if","locations":[{"start":{"line":150,"column":8},"end":{"line":158,"column":9}},{"start":{"line":150,"column":8},"end":{"line":158,"column":9}}],"line":150},"4":{"loc":{"start":{"line":167,"column":8},"end":{"line":178,"column":9}},"type":"if","locations":[{"start":{"line":167,"column":8},"end":{"line":178,"column":9}},{"start":{"line":167,"column":8},"end":{"line":178,"column":9}}],"line":167},"5":{"loc":{"start":{"line":204,"column":8},"end":{"line":208,"column":9}},"type":"if","locations":[{"start":{"line":204,"column":8},"end":{"line":208,"column":9}},{"start":{"line":204,"column":8},"end":{"line":208,"column":9}}],"line":204},"6":{"loc":{"start":{"line":233,"column":8},"end":{"line":237,"column":9}},"type":"if","locations":[{"start":{"line":233,"column":8},"end":{"line":237,"column":9}},{"start":{"line":233,"column":8},"end":{"line":237,"column":9}}],"line":233},"7":{"loc":{"start":{"line":249,"column":8},"end":{"line":253,"column":9}},"type":"if","locations":[{"start":{"line":249,"column":8},"end":{"line":253,"column":9}},{"start":{"line":249,"column":8},"end":{"line":253,"column":9}}],"line":249}},"s":{"0":26,"1":26,"2":26,"3":26,"4":26,"5":26,"6":26,"7":26,"8":26,"9":26,"10":26,"11":26,"12":26,"13":26,"14":26,"15":26,"16":26,"17":26,"18":26,"19":1,"20":1,"21":1,"22":1,"23":3,"24":1,"25":1,"26":3,"27":3,"28":3,"29":3,"30":3,"31":2,"32":2,"33":2,"34":2,"35":2,"36":1,"37":1,"38":3,"39":3,"40":3,"41":3,"42":3,"43":2,"44":2,"45":2,"46":2,"47":2,"48":1,"49":1,"50":1,"51":1,"52":1,"53":3,"54":3,"55":3,"56":1,"57":2,"58":3,"59":1,"60":1,"61":3,"62":3,"63":3,"64":1,"65":2,"66":3,"67":3,"68":3,"69":3,"70":1,"71":2,"72":3,"73":3,"74":68,"75":68,"76":544,"77":68,"78":68,"79":12,"80":68,"81":68,"82":68,"83":68,"84":68,"85":68,"86":68,"87":68,"88":12,"89":68,"90":748,"91":2516,"92":68,"93":68},"f":{"0":26,"1":1,"2":1,"3":3,"4":1,"5":1,"6":3,"7":2,"8":2,"9":3,"10":2,"11":2,"12":1,"13":1,"14":1,"15":3,"16":1,"17":1,"18":3,"19":3,"20":68,"21":544,"22":12,"23":12,"24":748,"25":2516},"b":{"0":[3,0],"1":[3,3],"2":[1,1],"3":[3,0],"4":[1,1],"5":[1,2],"6":[1,2],"7":[1,2]},"_coverageSchema":"332fd63041d2c1bcb487cc26dd0d5f7d97098a6c","hash":"0d268e12f944173be13be6190ac5b118ae20a971"}
,"/Users/mikkotiainen/Github/fysio2/fysio/app/javascript/Components/NavBar/LayerLink/LayerLink.js": {"path":"/Users/mikkotiainen/Github/fysio2/fysio/app/javascript/Components/NavBar/LayerLink/LayerLink.js","statementMap":{"0":{"start":{"line":16,"column":8},"end":{"line":16,"column":16}},"1":{"start":{"line":17,"column":8},"end":{"line":17,"column":59}},"2":{"start":{"line":25,"column":8},"end":{"line":25,"column":47}},"3":{"start":{"line":34,"column":19},"end":{"line":34,"column":34}},"4":{"start":{"line":35,"column":8},"end":{"line":37,"column":10}}},"fnMap":{"0":{"name":"(anonymous_0)","decl":{"start":{"line":15,"column":4},"end":{"line":15,"column":5}},"loc":{"start":{"line":15,"column":17},"end":{"line":18,"column":5}},"line":15},"1":{"name":"(anonymous_1)","decl":{"start":{"line":24,"column":4},"end":{"line":24,"column":5}},"loc":{"start":{"line":24,"column":20},"end":{"line":26,"column":5}},"line":24},"2":{"name":"(anonymous_2)","decl":{"start":{"line":33,"column":4},"end":{"line":33,"column":5}},"loc":{"start":{"line":33,"column":13},"end":{"line":38,"column":5}},"line":33}},"branchMap":{},"s":{"0":2,"1":2,"2":0,"3":4,"4":4},"f":{"0":2,"1":0,"2":4},"b":{},"_coverageSchema":"332fd63041d2c1bcb487cc26dd0d5f7d97098a6c","hash":"e40e3a400c446bcf34a7e43d62bd57c7c54fc7f0"}
,"/Users/mikkotiainen/Github/fysio2/fysio/app/javascript/Components/Tabs/Login.js": {"path":"/Users/mikkotiainen/Github/fysio2/fysio/app/javascript/Components/Tabs/Login.js","statementMap":{"0":{"start":{"line":21,"column":8},"end":{"line":21,"column":21}},"1":{"start":{"line":23,"column":8},"end":{"line":27,"column":10}},"2":{"start":{"line":28,"column":8},"end":{"line":28,"column":61}},"3":{"start":{"line":29,"column":8},"end":{"line":29,"column":61}},"4":{"start":{"line":30,"column":8},"end":{"line":30,"column":57}},"5":{"start":{"line":45,"column":8},"end":{"line":45,"column":51}},"6":{"start":{"line":53,"column":8},"end":{"line":53,"column":51}},"7":{"start":{"line":64,"column":8},"end":{"line":64,"column":31}},"8":{"start":{"line":65,"column":8},"end":{"line":77,"column":15}},"9":{"start":{"line":67,"column":16},"end":{"line":76,"column":17}},"10":{"start":{"line":69,"column":20},"end":{"line":69,"column":54}},"11":{"start":{"line":70,"column":20},"end":{"line":70,"column":63}},"12":{"start":{"line":73,"column":20},"end":{"line":73,"column":51}},"13":{"start":{"line":74,"column":20},"end":{"line":74,"column":51}},"14":{"start":{"line":75,"column":20},"end":{"line":75,"column":95}},"15":{"start":{"line":85,"column":8},"end":{"line":103,"column":10}},"16":{"start":{"line":107,"column":0},"end":{"line":109,"column":2}}},"fnMap":{"0":{"name":"(anonymous_0)","decl":{"start":{"line":20,"column":4},"end":{"line":20,"column":5}},"loc":{"start":{"line":20,"column":23},"end":{"line":31,"column":5}},"line":20},"1":{"name":"(anonymous_1)","decl":{"start":{"line":37,"column":4},"end":{"line":37,"column":5}},"loc":{"start":{"line":37,"column":24},"end":{"line":38,"column":5}},"line":37},"2":{"name":"(anonymous_2)","decl":{"start":{"line":44,"column":4},"end":{"line":44,"column":5}},"loc":{"start":{"line":44,"column":22},"end":{"line":46,"column":5}},"line":44},"3":{"name":"(anonymous_3)","decl":{"start":{"line":52,"column":4},"end":{"line":52,"column":5}},"loc":{"start":{"line":52,"column":22},"end":{"line":54,"column":5}},"line":52},"4":{"name":"(anonymous_4)","decl":{"start":{"line":63,"column":4},"end":{"line":63,"column":5}},"loc":{"start":{"line":63,"column":24},"end":{"line":78,"column":5}},"line":63},"5":{"name":"(anonymous_5)","decl":{"start":{"line":66,"column":18},"end":{"line":66,"column":19}},"loc":{"start":{"line":66,"column":30},"end":{"line":77,"column":13}},"line":66},"6":{"name":"(anonymous_6)","decl":{"start":{"line":84,"column":4},"end":{"line":84,"column":5}},"loc":{"start":{"line":84,"column":12},"end":{"line":104,"column":5}},"line":84}},"branchMap":{"0":{"loc":{"start":{"line":67,"column":16},"end":{"line":76,"column":17}},"type":"if","l
[...]
,"64":{"start":{"line":220,"column":31},"end":{"line":220,"column":49}},"65":{"start":{"line":221,"column":16},"end":{"line":227,"column":17}},"66":{"start":{"line":222,"column":20},"end":{"line":226,"column":21}},"67":{"start":{"line":223,"column":24},"end":{"line":225,"column":25}},"68":{"start":{"line":224,"column":28},"end":{"line":224,"column":54}},"69":{"start":{"line":230,"column":8},"end":{"line":230,"column":26}},"70":{"start":{"line":234,"column":30},"end":{"line":234,"column":32}},"71":{"start":{"line":235,"column":32},"end":{"line":235,"column":34}},"72":{"start":{"line":236,"column":21},"end":{"line":236,"column":35}},"73":{"start":{"line":237,"column":25},"end":{"line":237,"column":40}},"74":{"start":{"line":239,"column":8},"end":{"line":263,"column":9}},"75":{"start":{"line":243,"column":12},"end":{"line":246,"column":13}},"76":{"start":{"line":244,"column":16},"end":{"line":244,"column":53}},"77":{"start":{"line":245,"column":16},"end":{"line":245,"column":64}},"78":{"start":{"line":248,"column":12},"end":{"line":253,"column":13}},"79":{"start":{"line":249,"column":16},"end":{"line":252,"column":17}},"80":{"start":{"line":250,"column":20},"end":{"line":250,"column":82}},"81":{"start":{"line":255,"column":12},"end":{"line":262,"column":13}},"82":{"start":{"line":256,"column":16},"end":{"line":261,"column":17}},"83":{"start":{"line":257,"column":20},"end":{"line":260,"column":21}},"84":{"start":{"line":258,"column":24},"end":{"line":258,"column":122}},"85":{"start":{"line":259,"column":24},"end":{"line":259,"column":29}},"86":{"start":{"line":267,"column":8},"end":{"line":267,"column":31}}},"fnMap":{"0":{"name":"(anonymous_0)","decl":{"start":{"line":11,"column":4},"end":{"line":11,"column":5}},"loc":{"start":{"line":11,"column":17},"end":{"line":19,"column":5}},"line":11},"1":{"name":"(anonymous_1)","decl":{"start":{"line":26,"column":4},"end":{"line":26,"column":5}},"loc":{"start":{"line":26,"column":21},"end":{"line":30,"column":5}},"line":26},"2":{"name":"(anonymous_2)","decl":{"start":{"line":37,"column":4},"end":{"line":37,"column":5}},"loc":{"start":{"line":37,"column":29},"end":{"line":41,"column":5}},"line":37},"3":{"name":"(anonymous_3)","decl":{"start":{"line":48,"column":4},"end":{"line":48,"column":5}},"loc":{"start":{"line":48,"column":29},"end":{"line":58,"column":5}},"line":48},"4":{"name":"(anonymous_4)","decl":{"start":{"line":65,"column":4},"end":{"line":65,"column":5}},"loc":{"start":{"line":65,"column":33},"end":{"line":69,"column":5}},"line":65},"5":{"name":"(anonymous_5)","decl":{"start":{"line":76,"column":4},"end":{"line":76,"column":5}},"loc":{"start":{"line":76,"column":23},"end":{"line":78,"column":5}},"line":76},"6":{"name":"(anonymous_6)","decl":{"start":{"line":85,"column":4},"end":{"line":85,"column":5}},"loc":{"start":{"line":85,"column":24},"end":{"line":87,"column":5}},"line":85},"7":{"name":"(anonymous_7)","decl":{"start":{"line":94,"column":4},"end":{"line":94,"column":5}},"loc":{"start":{"line":94,"column":16},"end":{"line":96,"column":5}},"line":94},"8":{"name":"(anonymous_8)","decl":{"start":{"line":103,"column":4},"end":{"line":103,"column":5}},"loc":{"start":{"line":103,"column":15},"end":{"line":105,"column":5}},"line":103},"9":{"name":"(anonymous_9)","decl":{"start":{"line":112,"column":4},"end":{"line":112,"column":5}},"loc":{"start":{"line":112,"column":20},"end":{"line":114,"column":5}},"line":112},"10":{"name":"(anonymous_10)","decl":{"start":{"line":113,"column":34},"end":{"line":113,"column":35}},"loc":{"start":{"line":113,"column":43},"end":{"line":113,"column":58}},"line":113},"11":{"name":"(anonymous_11)","decl":{"start":{"line":116,"column":4},"end":{"line":116,"column":5}},"loc":{"start":{"line":116,"column":19},"end":{"line":118,"column":5}},"line":116},"12":{"name":"(anonymous_12)","decl":{"start":{"line":125,"column":4},"end":{"line":125,"column":5}},"loc":{"start":{"line":125,"column":19},"end":{"line":127,"column":5}},"line":125},"13":{"name":"(anonymous_13)","decl":{"start":{"line":129,"column":4},"end":{"line":129,"column":5}},"loc":{"start":{"line":129,"column":23},"end":{"line":131,"column":5}},"line":129},"14":{"name":"(anonymous_14)","decl":{"start":{"line":130,"column":38},"end":{"line":130,"column":39}},"loc":{"start":{"line":130,"column":50},"end":{"line":130,"column":68}},"line":130},"15":{"name":"(anonymous_15)","decl":{"start":{"line":133,"column":4},"end":{"line":133,"column":5}},"loc":{"start":{"line":133,"column":30},"end":{"line":135,"column":5}},"line":133},"16":{"name":"(anonymous_16)","decl":{"start":{"line":134,"column":38},"end":{"line":134,"column":39}},"loc":{"start":{"line":134,"column":50},"end":{"line":134,"column":74}},"line":134},"17":{"name":"(anonymous_17)","decl":{"start":{"line":142,"column":4},"end":{"line":142,"column":5}},"loc":{"start":{"line":142,"column":27},"end":{"line":144,"column":5}},"line":142},"18":{"name":"(anonymous_18)","decl":{"start":{"line":143,"column":38},"end":{"line":143,"column":39}},"loc":{"start":{"line":143,"column":50},"end":{"line":143,"column":67}},"line":143},"19":{"name":"(anonymous_19)","decl":{"start":{"line":151,"column":4},"end":{"line":151,"column":5}},"loc":{"start":{"line":151,"column":28},"end":{"line":153,"column":5}},"line":151},"20":{"name":"(anonymous_20)","decl":{"start":{"line":152,"column":38},"end":{"line":152,"column":39}},"loc":{"start":{"line":152,"column":50},"end":{"line":152,"column":68}},"line":152},"21":{"name":"(anonymous_21)","decl":{"start":{"line":160,"column":4},"end":{"line":160,"column":5}},"loc":{"start":{"line":160,"column":21},"end":{"line":168,"column":5}},"line":160},"22":{"name":"(anonymous_22)","decl":{"start":{"line":165,"column":52},"end":{"line":165,"column":53}},"loc":{"start":{"line":165,"column":57},"end":{"line":165,"column":79}},"line":165},"23":{"name":"(anonymous_23)","decl":{"start":{"line":176,"column":4},"end":{"line":176,"column":5}},"loc":{"start":{"line":176,"column":31},"end":{"line":186,"column":5}},"line":176},"24":{"name":"(anonymous_24)","decl":{"start":{"line":178,"column":28},"end":{"line":178,"column":29}},"loc":{"start":{"line":178,"column":33},"end":{"line":184,"column":9}},"line":178},"25":{"name":"(anonymous_25)","decl":{"start":{"line":180,"column":26},"end":{"line":180,"column":27}},"loc":{"start":{"line":180,"column":31},"end":{"line":182,"column":17}},"line":180},"26":{"name":"(anonymous_26)","decl":{"start":{"line":188,"column":4},"end":{"line":188,"column":5}},"loc":{"start":{"line":188,"column":26},"end":{"line":190,"column":5}},"line":188},"27":{"name":"(anonymous_27)","decl":{"start":{"line":189,"column":40},"end":{"line":189,"column":41}},"loc":{"start":{"line":189,"column":55},"end":{"line":189,"column":76}},"line":189},"28":{"name":"(anonymous_28)","decl":{"start":{"line":195,"column":4},"end":{"line":195,"column":5}},"loc":{"start":{"line":195,"column":29},"end":{"line":198,"column":5}},"line":195},"29":{"name":"(anonymous_29)","decl":{"start":{"line":196,"column":28},"end":{"line":196,"column":29}},"loc":{"start":{"line":196,"column":33},"end":{"line":196,"column":54}},"line":196},"30":{"name":"(anonymous_30)","decl":{"start":{"line":205,"column":4},"end":{"line":205,"column":5}},"loc":{"start":{"line":205,"column":22},"end":{"line":214,"column":5}},"line":205},"31":{"name":"(anonymous_31)","decl":{"start":{"line":216,"column":4},"end":{"line":216,"column":5}},"loc":{"start":{"line":216,"column":60},"end":{"line":231,"column":5}},"line":216},"32":{"name":"(anonymous_32)","decl":{"start":{"line":233,"column":4},"end":{"line":233,"column":5}},"loc":{"start":{"line":233,"column":25},"end":{"line":268,"column":5}},"line":233}},"branchMap":{"0":{"loc":{"start":{"line":27,"column":8},"end":{"line":29,"column":9}},"type":"if","locations":[{"start":{"line":27,"column":8},"end":{"line":29,"column":9}},{"start":{"line":27,"column":8},"end":{"line":29,"column":9}}],"line":27},"1":{"loc":{"start":{"line":38,"column":8},"end":{"line":40,"column":9}},"type":"if","locations":[{"start":{"line":38,"column":8},"end":{"line":40,"column":9}},{"start":{"line":38,"column":8},"end":{"line":40,"column":9}}],"line":38},"2":{"loc":{"start":{"line":49,"column":8},"end":{"line":57,"column":9}},"type":"if","locations":[{"start":{"line":49,"column":8},"end":{"line":57,"column":9}},{"start":{"line":49,"column":8},"end":{"line":57,"column":9}}],"line":49},"3":{"loc":{"start":{"line":66,"column":8},"end":{"line":68,"column":9}},"type":"if","locations":[{"start":{"line":66,"column":8},"end":{"line":68,"column":9}},{"start":{"line":66,"column":8},"end":{"line":68,"column":9}}],"line":66},"4":{"loc":{"start":{"line":162,"column":8},"end":{"line":166,"column":9}},"type":"if","locations":[{"start":{"line":162,"column":8},"end":{"line":166,"column":9}},{"start":{"line":162,"column":8},"end":{"line":166,"column":9}}],"line":162},"5":{"loc":{"start":{"line":179,"column":12},"end":{"line":183,"column":13}},"type":"if","locations":[{"start":{"line":179,"column":12},"end":{"line":183,"column":13}},{"start":{"line":179,"column":12},"end":{"line":183,"column":13}}],"line":179},"6":{"loc":{"start":{"line":181,"column":20},"end":{"line":181,"column":79}},"type":"if","locations":[{"start":{"line":181,"column":20},"end":{"line":181,"column":79}},{"start":{"line":181,"column":20},"end":{"line":181,"column":79}}],"line":181},"7":{"loc":{"start":{"line":181,"column":23},"end":{"line":181,"column":66}},"type":"binary-expr","locations":[{"start":{"line":181,"column":23},"end":{"line":181,"column":43}},{"start":{"line":181,"column":47},"end":{"line":181,"column":66}}],"line":181},"8":{"loc":{"start":{"line":208,"column":12},"end":{"line":210,"column":13}},"type":"if","locations":[{"start":{"line":208,"column":12},"end":{"line":210,"column":13}},{"start":{"line":208,"column":12},"end":{"line":210,"column":13}}],"line":208},"9":{"loc":{"start":{"line":211,"column":12},"end":{"line":211,"column":65}},"type":"if","locations":[{"start":{"line":211,"column":12},"end":{"line":211,"column":65}},{"start":{"line":211,"column":12},"end":{"line":211,"column":65}}],"line":211},"10":{"loc":{"start":{"line":218,"column":8},"end":{"line":229,"column":9}},"type":"if","locations":[{"start":{"line":218,"column":8},"end":{"line":229,"column":9}},{"start":{"line":218,"column":8},"end":{"line":229,"column":9}}],"line":218},"11":{"loc":{"start":{"line":221,"column":16},"end":{"line":227,"column":17}},"type":"if","locations":[{"start":{"line":221,"column":16},"end":{"line":227,"column":17}},{"start":{"line":221,"column":16},"end":{"line":227,"column":17}}],"line":221},"12":{"loc":{"start":{"line":223,"column":24},"end":{"line":225,"column":25}},"type":"if","locations":[{"start":{"line":223,"column":24},"end":{"line":225,"column":25}},{"start":{"line":223,"column":24},"end":{"line":225,"column":25}}],"line":223},"13":{"loc":{"start":{"line":239,"column":8},"end":{"line":263,"column":9}},"type":"if","locations":[{"start":{"line":239,"column":8},"end":{"line":263,"column":9}},{"start":{"line":239,"column":8},"end":{"line":263,"column":9}}],"line":239},"14":{"loc":{"start":{"line":239,"column":12},"end":{"line":239,"column":54}},"type":"binary-expr","locations":[{"start":{"line":239,"column":12},"end":{"line":239,"column":33}},{"start":{"line":239,"column":37},"end":{"line":239,"column":54}}],"line":239},"15":{"loc":{"start":{"line":249,"column":16},"end":{"line":252,"column":17}},"type":"if","locations":[{"start":{"line":249,"column":16},"end":{"line":252,"column":17}},{"start":{"line":249,"column":16},"end":{"line":252,"column":17}}],"line":249},"16":{"loc":{"start":{"line":257,"column":20},"end":{"line":260,"column":21}},"type":"if","locations":[{"start":{"line":257,"column":20},"end":{"line":260,"column":21}},{"start":{"line":257,"column":20},"end":{"line":260,"column":21}}],"line":257}},"s":{"0":101,"1":101,"2":101,"3":101,"4":101,"5":101,"6":101,"7":117,"8":115,"9":116,"10":115,"11":116,"12":115,"13":115,"14":4187,"15":4187,"16":4187,"17":115,"18":116,"19":115,"20":114,"21":114,"22":68,"23":80,"24":21,"25":105,"26":93,"27":114,"28":109,"29":4033,"30":21,"31":777,"32":3,"33":111,"34":1,"35":37,"36":69,"37":69,"38":68,"39":1,"40":8,"41":69,"42":10,"43":10,"44":370,"45":10,"46":20,"47":3,"48":10,"49":14,"50":112,"51":2,"52":74,"53":2,"54":7,"55":7,"56":259,"57":6,"58":259,"59":5,"60":7,"61":28,"62":28,"63":27,"64":999,"65":999,"66":159,"67":212,"68":21,"69":28,"70":816,"71":816,"72":816,"73":816,"74":816,"75":816,"76":8976,"77":8976,"78":816,"79":30192,"80":30192,"81":816,"82":8976,"83":53856,"84":8976,"85":8976,"86":816},"f":{"0":101,"1":117,"2":116,"3":116,"4":116,"5":114,"6":114,"7":68,"8":80,"9":21,"10":105,"11":93,"12":114,"13":109,"14":4033,"15":21,"16":777,"17":3,"18":111,"19":1,"20":37,"21":69,"22":8,"23":10,"24":370,"25":20,"26":14,"27":112,"28":2,"29":74,"30":7,"31":28,"32":816},"b":{"0":[115,2],"1":[115,1],"2":[115,1],"3":[115,1],"4":[68,1],"5":[10,360],"6":[3,17],"7":[20,3],"8":[6,253],"9":[5,254],"10":[27,1],"11":[159,840],"12":[21,191],"13":[816,0],"14":[816,816],"15":[30192,0],"16":[8976,44880]},"_coverageSchema":"332fd63041d2c1bcb487cc26dd0d5f7d97098a6c","hash":"2ad906cd53576e09949cdb3eeb3a01711064309a"}
,"/Users/mikkotiainen/Github/fysio2/fysio/app/javascript/Services/DatabaseConnector.js": {"path":"/Users/mikkotiainen/Github/fysio2/fysio/app/javascript/Services/DatabaseConnector.js","statementMap":{"0":{"start":{"line":13,"column":8},"end":{"line":17,"column":15}},"1":{"start":{"line":14,"column":30},"end":{"line":14,"column":45}},"2":{"start":{"line":16,"column":16},"end":{"line":16,"column":40}},"3":{"start":{"line":25,"column":8},"end":{"line":29,"column":15}},"4":{"start":{"line":26,"column":30},"end":{"line":26,"column":45}},"5":{"start":{"line":28,"column":16},"end":{"line":28,"column":30}},"6":{"start":{"line":36,"column":8},"end":{"line":40,"column":15}},"7":{"start":{"line":37,"column":30},"end":{"line":37,"column":45}},"8":{"start":{"line":39,"column":16},"end":{"line":39,"column":28}},"9":{"start":{"line":48,"column":8},"end":{"line":52,"column":14}},"10":{"start":{"line":49,"column":30},"end":{"line":49,"column":45}},"11":{"start":{"line":51,"column":16},"end":{"line":51,"column":31}},"12":{"start":{"line":58,"column":21},"end":{"line":58,"column":40}},"13":{"start":{"line":60,"column":8},"end":{"line":82,"column":9}},"14":{"start":{"line":80,"column":16},"end":{"line":80,"column":28}},"15":{"start":{"line":86,"column":21},"end":{"line":86,"column":37}},"16":{"start":{"line":88,"column":8},"end":{"line":110,"column":9}},"17":{"start":{"line":108,"column":16},"end":{"line":108,"column":28}},"18":{"start":{"line":114,"column":21},"end":{"line":114,"column":35}},"19":{"start":{"line":116,"column":8},"end":{"line":138,"column":9}},"20":{"start":{"line":136,"column":16},"end":{"line":136,"column":28}},"21":{"start":{"line":147,"column":8},"end":{"line":161,"column":15}},"22":{"start":{"line":160,"column":16},"end":{"line":160,"column":39}},"23":{"start":{"line":170,"column":8},"end":{"line":183,"column":11}},"24":{"start":{"line":178,"column":12},"end":{"line":182,"column":13}},"25":{"start":{"line":179,"column":16},"end":{"line":179,"column":39}},"26":{"start":{"line":181,"column":16},"end":{"line":181,"column":28}}},"fnMap":{"0":{"name":"(anonymous_0)","decl":{"start":{"line":12,"column":4},"end":{"line":12,"column":5}},"loc":{"start":{"line":12,"column":32},"end":{"line":18,"column":5}},"line":12},"1":{"name":"(anonymous_1)","decl":{"start":{"line":14,"column":18},"end":{"line":14,"column":19}},"loc":{"start":{"line":14,"column":30},"end":{"line":14,"column":45}},"line":14},"2":{"name":"(anonymous_2)","decl":{"start":{"line":15,"column":18},"end":{"line":15,"column":19}},"loc":{"start":{"line":15,"column":31},"end":{"line":17,"column":13}},"line":15},"3":{"name":"(anonymous_3)","decl":{"start":{"line":24,"column":4},"end":{"line":24,"column":5}},"loc":{"start":{"line":24,"column":23},"end":{"line":30,"column":5}},"line":24},"4":{"name":"(anonymous_4)","decl":{"start":{"line":26,"column":18},"end":{"line":26,"column":19}},"loc":{"start":{"line":26,"column":30},"end":{"line":26,"column":45}},"line":26},"5":{"name":"(anonymous_5)","decl":{"start":{"line":27,"column":18},"end":{"line":27,"column":19}},"loc":{"start":{"line":27,"column":28},"end":{"line":29,"column":13}},"line":27},"6":{"name":"(anonymous_6)","decl":{"start":{"line":35,"column":4},"end":{"line":35,"column":5}},"loc":{"start":{"line":35,"column":41},"end":{"line":41,"column":5}},"line":35},"7":{"name":"(anonymous_7)","decl":{"start":{"line":37,"column":18},"end":{"line":37,"column":19}},"loc":{"start":{"line":37,"column":30},"end":{"line":37,"column":45}},"line":37},"8":{"name":"(anonymous_8)","decl":{"start":{"line":38,"column":18},"end":{"line":38,"column":19}},"loc":{"start":{"line":38,"column":26},"end":{"line":40,"column":13}},"line":38},"9":{"name":"(anonymous_9)","decl":{"start":{"line":47,"column":4},"end":{"line":47,"column":5}},"loc":{"start":{"line":47,"column":31},"end":{"line":53,"column":5}},"line":47},"10":{"name":"(anonymous_10)","decl":{"start":{"line":49,"column":18},"end":{"line":49,"column":19}},"loc":{"start":{"line":49,"column":30},"end":{"line":49,"column":45}},"line":49},"11":{"name":"(anonymous_11)","decl":{"start":{"line":50,"column":18},"end":{"line":50,"column":19}},"loc":{"start":{"line":50,"column":29},"end":{"line":52,"column":13}},"line":50},"12":{"name":"(anonymous_12)","decl":{"start":{"line":56,"column":4},"end":{"line":56,"column":5}},"loc":{"start":{"line":56,"column":35},"end":{"line":83,"column":5}},"line":56},"13":{"name":"(anonymous_13)","decl":{"start":{"line":79,"column":16},"end":{"line":79,"column":17}},"loc":{"start":{"line":79,"column":28},"end":{"line":81,"column":13}},"line":79},"14":{"name":"(anonymous_14)","decl":{"start":{"line":85,"column":4},"end":{"line":85,"column":5}},"loc":{"start":{"line":85,"column":32},"end":{"line":111,"column":5}},"line":85},"15":{"name":"(anonymous_15)","decl":{"start":{"line":107,"column":20},"end":{"line":107,"column":21}},"loc":{"start":{"line":107,"column":32},"end":{"line":109,"column":13}},"line":107},"16":{"name":"(anonymous_16)","decl":{"start":{"line":113,"column":4},"end":{"line":113,"column":5}},"loc":{"start":{"line":113,"column":30},"end":{"line":139,"column":5}},"line":113},"17":{"name":"(anonymous_17)","decl":{"start":{"line":135,"column":20},"end":{"line":135,"column":21}},"loc":{"start":{"line":135,"column":32},"end":{"line":137,"column":13}},"line":135},"18":{"name":"(anonymous_18)","decl":{"start":{"line":146,"column":4},"end":{"line":146,"column":5}},"loc":{"start":{"line":146,"column":47},"end":{"line":162,"column":5}},"line":146},"19":{"name":"(anonymous_19)","decl":{"start":{"line":159,"column":18},"end":{"line":159,"column":19}},"loc":{"start":{"line":159,"column":30},"end":{"line":161,"column":13}},"line":159},"20":{"name":"(anonymous_20)","decl":{"start":{"line":169,"column":4},"end":{"line":169,"column":5}},"loc":{"start":{"line":169,"column":33},"end":{"line":184,"column":5}},"line":169},"21":{"name":"(anonymous_21)","decl":{"start":{"line":177,"column":16},"end":{"line":177,"column":17}},"loc":{"start":{"line":177,"column":28},"end":{"line":183,"column":9}},"line":177}},"branchMap":{"0":{"loc":{"start":{"line":178,"column":12},"end":{"line":182,"column":13}},"type":"if","locations":[{"start":{"line":178,"column":12},"end":{"line":182,"column":13}},{"start":{"line":178,"column":12},"end":{"line":182,"column":13}}],"line":178}},"s":{"0":0,"1":0,"2":0,"3":0,"4":0,"5":0,"6":0,"7":0,"8":0,"9":0,"10":0,"11":0,"12":0,"13":0,"14":0,"15":0,"16":0,"17":0,"18":0,"19":0,"20":0,"21":0,"22":0,"23":0,"24":0,"25":0,"26":0},"f":{"0":0,"1":0,"2":0,"3":0,"4":0,"5":0,"6":0,"7":0,"8":0,"9":0,"10":0,"11":0,"12":0,"13":0,"14":0,"15":0,"16":0,"17":0,"18":0,"19":0,"20":0,"21":0},"b":{"0":[0,0]},"_coverageSchema":"332fd63041d2c1bcb487cc26dd0d5f7d97098a6c","hash":"895153e3fecab5712f7b4ba83f2759a6778639a0"}
}
