TN:
SF:/Users/mikkotiainen/Github/fysio2/fysio/app/javascript/App.js
FN:19,(anonymous_0)
FN:48,(anonymous_1)
FN:51,(anonymous_2)
FN:52,(anonymous_3)
FN:64,(anonymous_4)
FN:73,(anonymous_5)
FN:77,(anonymous_6)
FN:93,(anonymous_7)
FN:95,(anonymous_8)
FN:96,(anonymous_9)
FN:102,(anonymous_10)
FN:103,(anonymous_11)
FN:109,(anonymous_12)
FN:110,(anonymous_13)
FN:116,(anonymous_14)
FN:117,(anonymous_15)
FN:123,(anonymous_16)
FN:124,(anonymous_17)
FN:130,(anonymous_18)
FN:131,(anonymous_19)
FN:140,(anonymous_20)
FN:146,(anonymous_21)
FN:152,(anonymous_22)
FN:162,(anonymous_23)
FN:173,(anonymous_24)
FN:181,(anonymous_25)
FN:189,(anonymous_26)
FN:197,(anonymous_27)
FN:207,(anonymous_28)
FN:217,(anonymous_29)
FNF:30
FNH:27
FNDA:1,(anonymous_0)
FNDA:1,(anonymous_1)
FNDA:1,(anonymous_2)
FNDA:1,(anonymous_3)
FNDA:1,(anonymous_4)
FNDA:54,(anonymous_5)
FNDA:0,(anonymous_6)
FNDA:1,(anonymous_7)
FNDA:1,(anonymous_8)
FNDA:1,(anonymous_9)
FNDA:1,(anonymous_10)
FNDA:1,(anonymous_11)
FNDA:1,(anonymous_12)
FNDA:1,(anonymous_13)
FNDA:1,(anonymous_14)
FNDA:1,(anonymous_15)
FNDA:1,(anonymous_16)
FNDA:1,(anonymous_17)
FNDA:1,(anonymous_18)
FNDA:1,(anonymous_19)
FNDA:0,(anonymous_20)
FNDA:0,(anonymous_21)
FNDA:1,(anonymous_22)
FNDA:1,(anonymous_23)
FNDA:1,(anonymous_24)
FNDA:1,(anonymous_25)
FNDA:1,(anonymous_26)
FNDA:1,(anonymous_27)
FNDA:2,(anonymous_28)
FNDA:54,(anonymous_29)
DA:20,1
DA:21,1
DA:29,1
DA:30,1
DA:31,1
DA:32,1
DA:34,1
DA:35,1
DA:36,1
DA:37,1
DA:38,1
DA:39,1
DA:40,1
DA:50,1
DA:51,1
DA:52,1
DA:53,1
DA:54,1
DA:55,1
DA:65,1
DA:74,54
DA:75,54
DA:76,0
DA:78,0
DA:79,0
DA:80,0
DA:83,0
DA:95,1
DA:96,1
DA:97,1
DA:98,1
DA:99,1
DA:102,1
DA:103,1
DA:104,1
DA:105,1
DA:106,1
DA:109,1
DA:110,1
DA:111,1
DA:112,1
DA:113,1
DA:116,1
DA:117,1
DA:118,1
DA:119,1
DA:120,1
DA:123,1
DA:124,1
DA:125,1
DA:126,1
DA:127,1
DA:130,1
DA:131,1
DA:132,1
DA:133,1
DA:134,1
DA:141,0
DA:147,0
DA:153,1
DA:154,1
DA:155,1
DA:164,1
DA:165,1
DA:166,1
DA:174,1
DA:182,1
DA:190,1
DA:198,1
DA:199,1
DA:208,2
DA:209,2
DA:219,54
DA:221,54
DA:222,11
DA:236,43
DA:252,43
DA:262,43
DA:289,43
DA:294,43
DA:296,43
DA:297,39
DA:299,4
DA:300,2
DA:302,2
DA:303,2
DA:306,43
LF:87
LH:80
BRDA:75,0,0,0
BRDA:75,0,1,54
BRDA:78,1,0,0
BRDA:78,1,1,0
BRDA:79,2,0,0
BRDA:79,2,1,0
BRDA:221,3,0,11
BRDA:221,3,1,43
BRDA:221,4,0,54
BRDA:221,4,1,49
BRDA:221,4,2,45
BRDA:221,4,3,44
BRDA:296,5,0,39
BRDA:296,5,1,4
BRDA:299,6,0,2
BRDA:299,6,1,2
BRDA:302,7,0,2
BRDA:302,7,1,0
BRF:18
BRH:12
end_of_record
TN:
SF:/Users/mikkotiainen/Github/fysio2/fysio/app/javascript/Components/Fysio/Fysio.js
FN:20,(anonymous_0)
FN:37,(anonymous_1)
FN:41,(anonymous_2)
FN:58,(anonymous_3)
FN:92,(anonymous_4)
FN:93,(anonymous_5)
FN:95,(anonymous_6)
FN:96,(anonymous_7)
FN:118,(anonymous_8)
FNF:9
FNH:9
FNDA:12,(anonymous_0)
FNDA:1,(anonymous_1)
FNDA:8,(anonymous_2)
FNDA:20,(anonymous_3)
FNDA:1,(anonymous_4)
FNDA:2,(anonymous_5)
FNDA:1,(anonymous_6)
FNDA:1,(anonymous_7)
FNDA:120,(anonymous_8)
DA:21,12
DA:23,12
DA:28,12
DA:29,12
DA:38,1
DA:42,8
DA:43,8
DA:44,1
DA:47,7
DA:48,1
DA:50,7
DA:59,20
DA:60,20
DA:61,20
DA:63,20
DA:64,17
DA:65,17
DA:66,17
DA:79,20
DA:90,20
DA:92,1
DA:93,2
DA:95,1
DA:96,1
DA:99,20
DA:100,17
DA:102,3
DA:107,20
DA:108,3
DA:110,17
DA:111,17
DA:113,17
DA:114,0
DA:116,17
DA:119,120
DA:120,103
DA:121,103
DA:134,17
LF:38
LH:37
BRDA:43,0,0,1
BRDA:43,0,1,7
BRDA:43,1,0,8
BRDA:43,1,1,3
BRDA:47,2,0,1
BRDA:47,2,1,6
BRDA:63,3,0,17
BRDA:63,3,1,3
BRDA:99,4,0,17
BRDA:99,4,1,3
BRDA:107,5,0,3
BRDA:107,5,1,17
BRDA:107,6,0,20
BRDA:107,6,1,17
BRDA:113,7,0,0
BRDA:113,7,1,17
BRDA:113,8,0,17
BRDA:113,8,1,17
BRDA:113,8,2,17
BRDA:113,8,3,17
BRDA:119,9,0,103
BRDA:119,9,1,17
BRDA:119,10,0,120
BRDA:119,10,1,111
BRF:24
BRH:23
end_of_record
TN:
SF:/Users/mikkotiainen/Github/fysio2/fysio/app/javascript/Components/Fysio/Publication/Publication.js
FN:17,(anonymous_0)
FN:26,(anonymous_1)
FN:38,(anonymous_2)
FNF:3
FNH:3
FNDA:1,(anonymous_0)
FNDA:1,(anonymous_1)
FNDA:5,(anonymous_2)
DA:18,1
DA:35,1
DA:39,5
DA:54,3
LF:4
LH:4
BRF:0
BRH:0
end_of_record
TN:
SF:/Users/mikkotiainen/Github/fysio2/fysio/app/javascript/Components/Fysio/Publication/PublicationLayerCategoryList/PublicationLayerCategoryList.js
FN:16,(anonymous_0)
FN:25,(anonymous_1)
FN:31,(anonymous_2)
FNF:3
FNH:3
FNDA:4,(anonymous_0)
FNDA:4,(anonymous_1)
FNDA:3,(anonymous_2)
DA:17,4
DA:26,4
DA:28,4
DA:32,3
DA:49,4
LF:5
LH:5
BRF:0
BRH:0
end_of_record
TN:
SF:/Users/mikkotiainen/Github/fysio2/fysio/app/javascript/Components/Fysio/Publication/PublicationLayerCategoryList/CategoryButton/CategoryButton.js
FN:18,(anonymous_0)
FN:32,(anonymous_1)
FN:42,(anonymous_2)
FN:51,(anonymous_3)
FNF:4
FNH:2
FNDA:6,(anonymous_0)
FNDA:0,(anonymous_1)
FNDA:0,(anonymous_2)
FNDA:8,(anonymous_3)
DA:19,6
DA:21,6
DA:22,6
DA:25,6
DA:33,0
DA:43,0
DA:53,8
DA:54,1
DA:56,7
DA:58,8
DA:59,7
DA:61,1
DA:63,8
DA:80,5
LF:14
LH:12
BRDA:53,0,0,1
BRDA:53,0,1,7
BRDA:58,1,0,7
BRDA:58,1,1,1
BRF:4
BRH:4
end_of_record
TN:
SF:/Users/mikkotiainen/Github/fysio2/fysio/app/javascript/Components/Fysio/Publication/PublicationTitle/PublicationTitle.js
FN:17,(anonymous_0)
FN:32,(anonymous_1)
FN:37,(anonymous_2)
FN:40,(anonymous_3)
FN:50,(anonymous_4)
FN:58,(anonymous_5)
FN:76,(anonymous_6)
FN:78,(anonymous_7)
FNF:8
FNH:7
FNDA:6,(anonymous_0)
FNDA:1,(anonymous_1)
FNDA:1,(anonymous_2)
FNDA:1,(anonymous_3)
FNDA:9,(anonymous_4)
FNDA:0,(anonymous_5)
FNDA:1,(anonymous_6)
FNDA:12,(anonymous_7)
DA:18,6
DA:19,6
DA:20,6
DA:33,1
DA:34,1
DA:37,1
DA:40,1
DA:51,9
DA:52,9
DA:53,9
DA:54,9
DA:55,0
DA:56,0
DA:59,0
DA:60,0
DA:62,0
DA:69,9
DA:76,1
DA:78,12
DA:102,4
LF:20
LH:15
BRDA:54,0,0,0
BRDA:54,0,1,9
BRDA:54,1,0,9
BRDA:54,1,1,9
BRDA:59,2,0,0
BRDA:59,2,1,0
BRDA:81,3,0,12
BRDA:81,3,1,10
BRF:8
BRH:5
end_of_record
TN:
SF:/Users/mikkotiainen/Github/fysio2/fysio/app/javascript/Components/Fysio/Publication/PublicationTitle/PublicationInfoTable/PublicationInfoTable.js
FN:16,(anonymous_0)
FN:25,(anonymous_1)
FN:30,(anonymous_2)
FN:39,(anonymous_3)
FNF:4
FNH:4
FNDA:2,(anonymous_0)
FNDA:4,(anonymous_1)
FNDA:20,(anonymous_2)
FNDA:20,(anonymous_3)
DA:17,2
DA:26,4
DA:31,20
DA:40,20
DA:56,5
LF:5
LH:5
BRF:0
BRH:0
end_of_record
TN:
SF:/Users/mikkotiainen/Github/fysio2/fysio/app/javascript/Components/Fysio/Publication/PublicationTitle/PublicationInfoTable/PublicationCategoryList/PublicationCategoryList.js
FN:15,(anonymous_0)
FN:24,(anonymous_1)
FN:28,(anonymous_2)
FNF:3
FNH:3
FNDA:11,(anonymous_0)
FNDA:21,(anonymous_1)
FNDA:15,(anonymous_2)
DA:16,11
DA:25,21
DA:26,21
DA:29,15
DA:38,6
LF:5
LH:5
BRF:0
BRH:0
end_of_record
TN:
SF:/Users/mikkotiainen/Github/fysio2/fysio/app/javascript/Components/Fysio/TableHeader/TableHeader.js
FN:18,(anonymous_0)
FN:23,(anonymous_1)
FN:31,(anonymous_2)
FN:53,(anonymous_3)
FNF:4
FNH:3
FNDA:1,(anonymous_0)
FNDA:0,(anonymous_1)
FNDA:1,(anonymous_2)
FNDA:5,(anonymous_3)
DA:19,1
DA:20,1
DA:24,0
DA:32,1
DA:33,1
DA:37,1
DA:43,1
DA:44,0
DA:48,1
DA:53,5
DA:67,3
LF:11
LH:9
BRDA:43,0,0,0
BRDA:43,0,1,1
BRDA:43,1,0,1
BRDA:43,1,1,1
BRDA:43,1,2,1
BRDA:43,1,3,1
BRF:6
BRH:5
end_of_record
TN:
SF:/Users/mikkotiainen/Github/fysio2/fysio/app/javascript/Components/Fysio/TableHeader/Layer/Layer.js
FN:20,(anonymous_0)
FN:32,(anonymous_1)
FN:43,(anonymous_2)
FNF:3
FNH:3
FNDA:17,(anonymous_0)
FNDA:1,(anonymous_1)
FNDA:18,(anonymous_2)
DA:21,17
DA:22,17
DA:23,17
DA:33,1
DA:44,18
DA:48,18
DA:68,4
LF:7
LH:7
BRF:0
BRH:0
end_of_record
TN:
SF:/Users/mikkotiainen/Github/fysio2/fysio/app/javascript/Components/Fysio/TableHeader/Layer/CategoryList/CategoryList.js
FN:19,(anonymous_0)
FN:28,(anonymous_1)
FN:34,(anonymous_2)
FNF:3
FNH:3
FNDA:19,(anonymous_0)
FNDA:20,(anonymous_1)
FNDA:106,(anonymous_2)
DA:20,19
DA:29,20
DA:30,0
DA:32,20
DA:35,106
DA:48,5
LF:6
LH:5
BRDA:29,0,0,0
BRDA:29,0,1,20
BRDA:29,1,0,20
BRDA:29,1,1,20
BRF:4
BRH:3
end_of_record
TN:
SF:/Users/mikkotiainen/Github/fysio2/fysio/app/javascript/Components/Fysio/TableHeader/Layer/CategoryList/Category/Category.js
FN:16,(anonymous_0)
FN:25,(anonymous_1)
FN:34,(anonymous_2)
FNF:3
FNH:2
FNDA:102,(anonymous_0)
FNDA:0,(anonymous_1)
FNDA:107,(anonymous_2)
DA:17,102
DA:18,102
DA:26,0
DA:35,107
DA:37,107
DA:46,6
LF:6
LH:5
BRDA:38,0,0,0
BRDA:38,0,1,107
BRF:2
BRH:1
end_of_record
TN:
SF:/Users/mikkotiainen/Github/fysio2/fysio/app/javascript/Components/Helpers/Tests.js
FN:9,(anonymous_0)
FN:14,(anonymous_1)
FN:23,(anonymous_2)
FN:32,(anonymous_3)
FN:603,(anonymous_4)
FN:609,(anonymous_5)
FN:615,(anonymous_6)
FN:618,(anonymous_7)
FN:623,(anonymous_8)
FN:629,(anonymous_9)
FN:636,(anonymous_10)
FN:641,(anonymous_11)
FN:648,(anonymous_12)
FN:654,(anonymous_13)
FN:659,(anonymous_14)
FNF:15
FNH:12
FNDA:6,(anonymous_0)
FNDA:54,(anonymous_1)
FNDA:52,(anonymous_2)
FNDA:113,(anonymous_3)
FNDA:2,(anonymous_4)
FNDA:12,(anonymous_5)
FNDA:1,(anonymous_6)
FNDA:0,(anonymous_7)
FNDA:1,(anonymous_8)
FNDA:1,(anonymous_9)
FNDA:1,(anonymous_10)
FNDA:3,(anonymous_11)
FNDA:0,(anonymous_12)
FNDA:1,(anonymous_13)
FNDA:0,(anonymous_14)
DA:10,6
DA:11,6
DA:15,54
DA:16,43
DA:20,54
DA:24,52
DA:25,33
DA:29,52
DA:33,113
DA:34,113
DA:71,113
DA:140,113
DA:512,113
DA:577,113
DA:587,113
DA:600,113
DA:604,2
DA:605,2
DA:606,2
DA:610,12
DA:611,12
DA:612,12
DA:616,1
DA:617,1
DA:618,1
DA:619,1
DA:620,1
DA:624,1
DA:625,1
DA:626,1
DA:630,1
DA:631,1
DA:632,1
DA:633,1
DA:637,1
DA:638,1
DA:642,3
DA:643,3
DA:644,3
DA:645,3
DA:649,0
DA:650,0
DA:651,0
DA:655,1
DA:656,1
DA:660,0
DA:661,0
LF:47
LH:42
BRDA:15,0,0,43
BRDA:15,0,1,11
BRDA:24,1,0,33
BRDA:24,1,1,19
BRF:4
BRH:4
end_of_record
TN:
SF:/Users/mikkotiainen/Github/fysio2/fysio/app/javascript/Components/NavBar/AuthorCheckbox.js
FN:8,(anonymous_0)
FN:13,(anonymous_1)
FN:17,(anonymous_2)
FNF:3
FNH:2
FNDA:2,(anonymous_0)
FNDA:0,(anonymous_1)
FNDA:2,(anonymous_2)
DA:9,2
DA:10,2
DA:14,0
DA:18,2
LF:4
LH:3
BRF:0
BRH:0
end_of_record
TN:
SF:/Users/mikkotiainen/Github/fysio2/fysio/app/javascript/Components/NavBar/CategoryCheckbox.js
FN:6,(anonymous_0)
FN:11,(anonymous_1)
FN:15,(anonymous_2)
FNF:3
FNH:2
FNDA:74,(anonymous_0)
FNDA:0,(anonymous_1)
FNDA:74,(anonymous_2)
DA:7,74
DA:8,74
DA:12,0
DA:16,74
LF:4
LH:3
BRF:0
BRH:0
end_of_record
TN:
SF:/Users/mikkotiainen/Github/fysio2/fysio/app/javascript/Components/NavBar/CategoryForm.js
FN:10,(anonymous_0)
FN:28,(anonymous_1)
FN:32,(anonymous_2)
FN:41,(anonymous_3)
FN:55,(anonymous_4)
FN:61,(anonymous_5)
FN:67,(anonymous_6)
FN:73,(anonymous_7)
FNF:8
FNH:8
FNDA:31,(anonymous_0)
FNDA:1,(anonymous_1)
FNDA:3,(anonymous_2)
FNDA:1,(anonymous_3)
FNDA:1,(anonymous_4)
FNDA:1,(anonymous_5)
FNDA:1,(anonymous_6)
FNDA:40,(anonymous_7)
DA:11,31
DA:13,31
DA:20,31
DA:21,31
DA:22,31
DA:23,31
DA:24,31
DA:25,31
DA:29,1
DA:33,3
DA:43,1
DA:50,1
DA:52,1
DA:56,1
DA:62,1
DA:68,1
DA:74,40
LF:17
LH:17
BRF:0
BRH:0
end_of_record
TN:
SF:/Users/mikkotiainen/Github/fysio2/fysio/app/javascript/Components/NavBar/LinkCheckbox.js
FN:8,(anonymous_0)
FN:13,(anonymous_1)
FN:17,(anonymous_2)
FNF:3
FNH:2
FNDA:2,(anonymous_0)
FNDA:0,(anonymous_1)
FNDA:2,(anonymous_2)
DA:9,2
DA:10,2
DA:14,0
DA:18,2
LF:4
LH:3
BRF:0
BRH:0
end_of_record
TN:
SF:/Users/mikkotiainen/Github/fysio2/fysio/app/javascript/Components/NavBar/NavBar.js
FN:20,(anonymous_0)
FN:35,(anonymous_1)
FN:48,(anonymous_2)
FN:59,(anonymous_3)
FN:70,(anonymous_4)
FN:118,(anonymous_5)
FNF:6
FNH:4
FNDA:2,(anonymous_0)
FNDA:2,(anonymous_1)
FNDA:0,(anonymous_2)
FNDA:0,(anonymous_3)
FNDA:3,(anonymous_4)
FNDA:4,(anonymous_5)
DA:21,2
DA:23,2
DA:25,2
DA:26,2
DA:36,2
DA:37,1
DA:49,0
DA:50,0
DA:60,0
DA:71,3
DA:74,3
DA:84,3
DA:88,3
DA:90,3
DA:91,3
DA:92,3
DA:99,3
DA:100,0
DA:104,3
DA:118,4
DA:129,3
DA:133,2
LF:22
LH:18
BRDA:36,0,0,1
BRDA:36,0,1,1
BRDA:90,1,0,3
BRDA:90,1,1,0
BRDA:90,2,0,3
BRDA:90,2,1,3
BRDA:99,3,0,0
BRDA:99,3,1,3
BRF:8
BRH:6
end_of_record
TN:
SF:/Users/mikkotiainen/Github/fysio2/fysio/app/javascript/Components/NavBar/PublicationForm.js
FN:14,(anonymous_0)
FN:54,(anonymous_1)
FN:58,(anonymous_2)
FN:76,(anonymous_3)
FN:96,(anonymous_4)
FN:102,(anonymous_5)
FN:108,(anonymous_6)
FN:122,(anonymous_7)
FN:125,(anonymous_8)
FN:143,(anonymous_9)
FN:161,(anonymous_10)
FN:164,(anonymous_11)
FN:181,(anonymous_12)
FN:187,(anonymous_13)
FN:193,(anonymous_14)
FN:199,(anonymous_15)
FN:215,(anonymous_16)
FN:221,(anonymous_17)
FN:227,(anonymous_18)
FN:244,(anonymous_19)
FN:260,(anonymous_20)
FN:277,(anonymous_21)
FN:289,(anonymous_22)
FN:358,(anonymous_23)
FN:370,(anonymous_24)
FN:376,(anonymous_25)
FNF:26
FNH:26
FNDA:26,(anonymous_0)
FNDA:1,(anonymous_1)
FNDA:1,(anonymous_2)
FNDA:3,(anonymous_3)
FNDA:1,(anonymous_4)
FNDA:1,(anonymous_5)
FNDA:3,(anonymous_6)
FNDA:2,(anonymous_7)
FNDA:2,(anonymous_8)
FNDA:3,(anonymous_9)
FNDA:2,(anonymous_10)
FNDA:2,(anonymous_11)
FNDA:1,(anonymous_12)
FNDA:1,(anonymous_13)
FNDA:1,(anonymous_14)
FNDA:3,(anonymous_15)
FNDA:1,(anonymous_16)
FNDA:1,(anonymous_17)
FNDA:3,(anonymous_18)
FNDA:3,(anonymous_19)
FNDA:68,(anonymous_20)
FNDA:544,(anonymous_21)
FNDA:12,(anonymous_22)
FNDA:12,(anonymous_23)
FNDA:748,(anonymous_24)
FNDA:2516,(anonymous_25)
DA:15,26
DA:17,26
DA:18,26
DA:19,26
DA:20,26
DA:21,26
DA:22,26
DA:23,26
DA:24,26
DA:25,26
DA:26,26
DA:27,26
DA:28,26
DA:29,26
DA:30,26
DA:31,26
DA:32,26
DA:33,26
DA:35,26
DA:55,1
DA:61,1
DA:71,1
DA:73,1
DA:77,3
DA:97,1
DA:103,1
DA:109,3
DA:110,3
DA:111,3
DA:112,3
DA:113,3
DA:123,2
DA:124,2
DA:125,2
DA:126,2
DA:128,2
DA:129,1
DA:135,1
DA:144,3
DA:145,3
DA:150,3
DA:151,3
DA:152,3
DA:162,2
DA:163,2
DA:164,2
DA:165,2
DA:167,2
DA:168,1
DA:174,1
DA:182,1
DA:188,1
DA:194,1
DA:200,3
DA:202,3
DA:204,3
DA:205,1
DA:207,2
DA:210,3
DA:216,1
DA:222,1
DA:229,3
DA:231,3
DA:233,3
DA:234,1
DA:236,2
DA:239,3
DA:245,3
DA:247,3
DA:249,3
DA:250,1
DA:252,2
DA:254,3
DA:255,3
DA:263,68
DA:272,68
DA:278,544
DA:285,68
DA:288,68
DA:290,12
DA:300,68
DA:306,68
DA:315,68
DA:324,68
DA:333,68
DA:346,68
DA:349,68
DA:357,68
DA:359,12
DA:369,68
DA:371,748
DA:377,2516
DA:389,68
DA:391,68
LF:94
LH:94
BRDA:111,0,0,3
BRDA:111,0,1,0
BRDA:111,1,0,3
BRDA:111,1,1,3
BRDA:128,2,0,1
BRDA:128,2,1,1
BRDA:150,3,0,3
BRDA:150,3,1,0
BRDA:167,4,0,1
BRDA:167,4,1,1
BRDA:204,5,0,1
BRDA:204,5,1,2
BRDA:233,6,0,1
BRDA:233,6,1,2
BRDA:249,7,0,1
BRDA:249,7,1,2
BRF:16
BRH:14
end_of_record
TN:
SF:/Users/mikkotiainen/Github/fysio2/fysio/app/javascript/Components/NavBar/LayerLink/LayerLink.js
FN:15,(anonymous_0)
FN:24,(anonymous_1)
FN:33,(anonymous_2)
FNF:3
FNH:2
FNDA:2,(anonymous_0)
FNDA:0,(anonymous_1)
FNDA:4,(anonymous_2)
DA:16,2
DA:17,2
DA:25,0
DA:34,4
DA:35,4
LF:5
LH:4
BRF:0
BRH:0
end_of_record
TN:
SF:/Users/mikkotiainen/Github/fysio2/fysio/app/javascript/Components/Tabs/Login.js
FN:20,(anonymous_0)
FN:37,(anonymous_1)
FN:44,(anonymous_2)
FN:52,(anonymous_3)
FN:63,(anonymous_4)
FN:66,(anonymous_5)
FN:84,(anonymous_6)
FNF:7
FNH:7
FNDA:19,(anonymous_0)
FNDA:19,(anonymous_1)
FNDA:1,(anonymous_2)
FNDA:1,(anonymous_3)
FNDA:2,(anonymous_4)
FNDA:2,(anonymous_5)
FNDA:27,(anonymous_6)
DA:21,19
DA:23,19
DA:28,19
DA:29,19
DA:30,19
DA:45,1
DA:53,1
DA:64,2
DA:65,2
DA:67,2
DA:69,1
DA:70,1
DA:73,1
DA:74,1
DA:75,1
DA:85,27
DA:107,2
LF:17
LH:17
BRDA:67,0,0,1
BRDA:67,0,1,1
BRF:2
BRH:2
end_of_record
TN:
SF:/Users/mikkotiainen/Github/fysio2/fysio/app/javascript/Services/Data.js
FN:11,(anonymous_0)
FN:26,(anonymous_1)
FN:37,(anonymous_2)
FN:48,(anonymous_3)
FN:65,(anonymous_4)
FN:76,(anonymous_5)
FN:85,(anonymous_6)
FN:94,(anonymous_7)
FN:103,(anonymous_8)
FN:112,(anonymous_9)
FN:113,(anonymous_10)
FN:116,(anonymous_11)
FN:125,(anonymous_12)
FN:129,(anonymous_13)
FN:130,(anonymous_14)
FN:133,(anonymous_15)
FN:134,(anonymous_16)
FN:142,(anonymous_17)
FN:143,(anonymous_18)
FN:151,(anonymous_19)
FN:152,(anonymous_20)
FN:160,(anonymous_21)
FN:165,(anonymous_22)
FN:176,(anonymous_23)
FN:178,(anonymous_24)
FN:180,(anonymous_25)
FN:188,(anonymous_26)
FN:189,(anonymous_27)
FN:195,(anonymous_28)
FN:196,(anonymous_29)
FN:205,(anonymous_30)
FN:216,(anonymous_31)
FN:233,(anonymous_32)
FNF:33
FNH:33
FNDA:101,(anonymous_0)
FNDA:117,(anonymous_1)
FNDA:116,(anonymous_2)
FNDA:116,(anonymous_3)
FNDA:116,(anonymous_4)
FNDA:114,(anonymous_5)
FNDA:114,(anonymous_6)
FNDA:68,(anonymous_7)
FNDA:80,(anonymous_8)
FNDA:21,(anonymous_9)
FNDA:105,(anonymous_10)
FNDA:93,(anonymous_11)
FNDA:114,(anonymous_12)
FNDA:109,(anonymous_13)
FNDA:4033,(anonymous_14)
FNDA:21,(anonymous_15)
FNDA:777,(anonymous_16)
FNDA:3,(anonymous_17)
FNDA:111,(anonymous_18)
FNDA:1,(anonymous_19)
FNDA:37,(anonymous_20)
FNDA:69,(anonymous_21)
FNDA:8,(anonymous_22)
FNDA:10,(anonymous_23)
FNDA:370,(anonymous_24)
FNDA:20,(anonymous_25)
FNDA:14,(anonymous_26)
FNDA:112,(anonymous_27)
FNDA:2,(anonymous_28)
FNDA:74,(anonymous_29)
FNDA:7,(anonymous_30)
FNDA:28,(anonymous_31)
FNDA:816,(anonymous_32)
DA:12,101
DA:13,101
DA:14,101
DA:15,101
DA:16,101
DA:17,101
DA:18,101
DA:27,117
DA:28,115
DA:38,116
DA:39,115
DA:49,116
DA:50,115
DA:51,115
DA:52,4187
DA:53,4187
DA:54,4187
DA:56,115
DA:66,116
DA:67,115
DA:77,114
DA:86,114
DA:95,68
DA:104,80
DA:113,105
DA:117,93
DA:126,114
DA:130,4033
DA:134,777
DA:143,111
DA:152,37
DA:161,69
DA:162,69
DA:163,68
DA:165,8
DA:167,69
DA:177,10
DA:178,10
DA:179,370
DA:180,10
DA:181,20
DA:185,10
DA:189,112
DA:196,74
DA:197,2
DA:206,7
DA:207,7
DA:208,259
DA:209,6
DA:211,259
DA:213,7
DA:217,28
DA:218,28
DA:219,27
DA:220,999
DA:221,999
DA:222,159
DA:223,212
DA:224,21
DA:230,28
DA:234,816
DA:235,816
DA:236,816
DA:237,816
DA:239,816
DA:243,816
DA:244,8976
DA:245,8976
DA:248,816
DA:249,30192
DA:250,30192
DA:255,816
DA:256,8976
DA:257,53856
DA:258,8976
DA:259,8976
DA:267,816
LF:77
LH:77
BRDA:27,0,0,115
BRDA:27,0,1,2
BRDA:38,1,0,115
BRDA:38,1,1,1
BRDA:49,2,0,115
BRDA:49,2,1,1
BRDA:66,3,0,115
BRDA:66,3,1,1
BRDA:162,4,0,68
BRDA:162,4,1,1
BRDA:179,5,0,10
BRDA:179,5,1,360
BRDA:181,6,0,3
BRDA:181,6,1,17
BRDA:181,7,0,20
BRDA:181,7,1,3
BRDA:208,8,0,6
BRDA:208,8,1,253
BRDA:211,9,0,5
BRDA:211,9,1,254
BRDA:218,10,0,27
BRDA:218,10,1,1
BRDA:221,11,0,159
BRDA:221,11,1,840
BRDA:223,12,0,21
BRDA:223,12,1,191
BRDA:239,13,0,816
BRDA:239,13,1,0
BRDA:239,14,0,816
BRDA:239,14,1,816
BRDA:249,15,0,30192
BRDA:249,15,1,0
BRDA:257,16,0,8976
BRDA:257,16,1,44880
BRF:34
BRH:32
end_of_record
TN:
SF:/Users/mikkotiainen/Github/fysio2/fysio/app/javascript/Services/DatabaseConnector.js
FN:12,(anonymous_0)
FN:14,(anonymous_1)
FN:15,(anonymous_2)
FN:24,(anonymous_3)
FN:26,(anonymous_4)
FN:27,(anonymous_5)
FN:35,(anonymous_6)
FN:37,(anonymous_7)
FN:38,(anonymous_8)
FN:47,(anonymous_9)
FN:49,(anonymous_10)
FN:50,(anonymous_11)
FN:56,(anonymous_12)
FN:79,(anonymous_13)
FN:85,(anonymous_14)
FN:107,(anonymous_15)
FN:113,(anonymous_16)
FN:135,(anonymous_17)
FN:146,(anonymous_18)
FN:159,(anonymous_19)
FN:169,(anonymous_20)
FN:177,(anonymous_21)
FNF:22
FNH:0
FNDA:0,(anonymous_0)
FNDA:0,(anonymous_1)
FNDA:0,(anonymous_2)
FNDA:0,(anonymous_3)
FNDA:0,(anonymous_4)
FNDA:0,(anonymous_5)
FNDA:0,(anonymous_6)
FNDA:0,(anonymous_7)
FNDA:0,(anonymous_8)
FNDA:0,(anonymous_9)
FNDA:0,(anonymous_10)
FNDA:0,(anonymous_11)
FNDA:0,(anonymous_12)
FNDA:0,(anonymous_13)
FNDA:0,(anonymous_14)
FNDA:0,(anonymous_15)
FNDA:0,(anonymous_16)
FNDA:0,(anonymous_17)
FNDA:0,(anonymous_18)
FNDA:0,(anonymous_19)
FNDA:0,(anonymous_20)
FNDA:0,(anonymous_21)
DA:13,0
DA:14,0
DA:16,0
DA:25,0
DA:26,0
DA:28,0
DA:36,0
DA:37,0
DA:39,0
DA:48,0
DA:49,0
DA:51,0
DA:58,0
DA:60,0
DA:80,0
DA:86,0
DA:88,0
DA:108,0
DA:114,0
DA:116,0
DA:136,0
DA:147,0
DA:160,0
DA:170,0
DA:178,0
DA:179,0
DA:181,0
LF:27
LH:0
BRDA:178,0,0,0
BRDA:178,0,1,0
BRF:2
BRH:0
end_of_record
